<?xml version="1.0" encoding="UTF-8"?>
<!-- Generated by org.testng.reporters.JUnitReportReporter -->
<testsuite hostname="WX-5CG1285KPX" failures="0" tests="3" name="Pages.LiveScoresResult" time="34.494" errors="0" timestamp="2022-07-23T17:58:45 IST" skipped="1">
  <testcase classname="Pages.LiveScoresResult" name="pageTitle" time="33.054"/>
  <system-out/>
  <testcase classname="Pages.LiveScoresResult" name="seriesFilter" time="1.440"/>
  <system-out/>
  <testcase classname="Pages.LiveScoresResult" name="dates">
    <skipped/>
  </testcase> <!-- dates -->
  <system-out/>
</testsuite> <!-- Pages.LiveScoresResult -->
