<?xml version="1.0" encoding="UTF-8"?>
<!-- Generated by org.testng.reporters.JUnitReportReporter -->
<testsuite hostname="WX-5CG1285KPX" failures="0" tests="1" name="Pages.sample" time="8.034" errors="0" timestamp="2022-06-30T19:07:58 IST" skipped="0">
  <testcase classname="Pages.sample" name="Test1" time="8.034"/>
  <system-out/>
</testsuite> <!-- Pages.sample -->
