<?xml version="1.0" encoding="UTF-8"?>
<!-- Generated by org.testng.reporters.JUnitReportReporter -->
<testsuite hostname="WX-5CG1285KPX" failures="0" tests="5" name="Pages.homepage" time="903.827" errors="0" timestamp="2022-07-27T18:57:24 IST" skipped="0">
  <testcase classname="Pages.homepage" name="Homepagestate" time="26.223"/>
  <system-out/>
  <testcase classname="Pages.homepage" name="hsb" time="89.065"/>
  <system-out/>
  <testcase classname="Pages.homepage" name="gamePagebackendTest" time="435.989"/>
  <system-out/>
  <testcase classname="Pages.homepage" name="homepageBackendTest" time="14.742"/>
  <system-out/>
  <testcase classname="Pages.homepage" name="scorecellLinks" time="337.808"/>
  <system-out/>
</testsuite> <!-- Pages.homepage -->
