<?xml version="1.0" encoding="UTF-8"?>
<!-- Generated by org.testng.reporters.JUnitReportReporter -->
<testsuite hostname="WX-5CG1285KPX" failures="0" tests="3" name="Pages.homepage" time="94.491" errors="0" timestamp="2022-07-02T22:55:17 IST" skipped="0">
  <testcase classname="Pages.homepage" name="Homepagestate" time="25.072"/>
  <system-out/>
  <testcase classname="Pages.homepage" name="hsb" time="7.338"/>
  <system-out/>
  <testcase classname="Pages.homepage" name="backendTest" time="62.081"/>
  <system-out/>
</testsuite> <!-- Pages.homepage -->
