<?xml version="1.0" encoding="UTF-8"?>
<!-- Generated by org.testng.reporters.JUnitReportReporter -->
<testsuite hostname="WX-5CG1285KPX" failures="0" tests="5" name="Pages.LiveScores" time="106.142" errors="0" timestamp="2022-07-03T12:45:46 IST" skipped="0">
  <testcase classname="Pages.LiveScores" name="pageTitle" time="25.462"/>
  <system-out/>
  <testcase classname="Pages.LiveScores" name="BackendTest" time="62.983"/>
  <system-out/>
  <testcase classname="Pages.LiveScores" name="quickFilter" time="1.034"/>
  <system-out/>
  <testcase classname="Pages.LiveScores" name="Reset" time="0.672"/>
  <system-out/>
  <testcase classname="Pages.LiveScores" name="TopEvents" time="15.991"/>
  <system-out/>
</testsuite> <!-- Pages.LiveScores -->
