<?xml version="1.0" encoding="UTF-8"?>
<!-- Generated by org.testng.reporters.JUnitReportReporter -->
<testsuite hostname="WX-5CG1285KPX" failures="0" tests="9" name="Pages.LiveScores_upcoming" time="3390.856" errors="2" timestamp="2022-07-27T17:51:59 IST" skipped="1">
  <testcase classname="Pages.LiveScores_upcoming" name="pageTitle" time="58.791"/>
  <system-out/>
  <testcase classname="Pages.LiveScores_upcoming" name="backToCurrent" time="12.840"/>
  <system-out/>
  <testcase classname="Pages.LiveScores_upcoming" name="clickdate" time="1944.562"/>
  <system-out/>
  <testcase classname="Pages.LiveScores_upcoming" name="TeamFilter" time="3.395"/>
  <system-out/>
  <testcase classname="Pages.LiveScores_upcoming" name="calendar" time="673.824">
    <error message="stale element reference: element is not attached to the page document
  (Session info: MicrosoftEdge=95.0.1020.30)
For documentation on this error, please visit: https://selenium.dev/exceptions/#stale_element_reference
Build info: version: &#039;4.3.0&#039;, revision: &#039;a4995e2c09*&#039;
System info: host: &#039;WX-5CG1285KPX&#039;, ip: &#039;192.168.1.103&#039;, os.name: &#039;Windows 10&#039;, os.arch: &#039;amd64&#039;, os.version: &#039;10.0&#039;, java.version: &#039;17.0.1&#039;
Driver info: org.openqa.selenium.edge.EdgeDriver
Command: [be49146506fea126c2ef384f8a58dede, getElementText {id=d8d94490-1848-4b2c-a3e2-c733aa9c021c}]
Capabilities {acceptInsecureCerts: false, browserName: msedge, browserVersion: 95.0.1020.30, ms:edgeOptions: {debuggerAddress: localhost:56111}, msedge: {msedgedriverVersion: 95.0.1020.53 (9087d157c3938..., userDataDir: C:\Users\VENKATEC\AppData\L...}, networkConnectionEnabled: false, pageLoadStrategy: normal, platformName: WINDOWS, proxy: Proxy(), se:cdp: ws://localhost:56111/devtoo..., se:cdpVersion: 95.0.1020.30, setWindowRect: true, strictFileInteractability: false, timeouts: {implicit: 0, pageLoad: 300000, script: 30000}, unhandledPromptBehavior: dismiss and notify, webauthn:extension:credBlob: true, webauthn:extension:largeBlob: true, webauthn:virtualAuthenticators: true}
Element: [[EdgeDriver: msedge on WINDOWS (be49146506fea126c2ef384f8a58dede)] -&gt; xpath: //div[@class=&#039;react-datepicker__week&#039;]/div]
Session ID: be49146506fea126c2ef384f8a58dede" type="org.openqa.selenium.StaleElementReferenceException">
      <![CDATA[org.openqa.selenium.StaleElementReferenceException: stale element reference: element is not attached to the page document
  (Session info: MicrosoftEdge=95.0.1020.30)
For documentation on this error, please visit: https://selenium.dev/exceptions/#stale_element_reference
Build info: version: '4.3.0', revision: 'a4995e2c09*'
System info: host: 'WX-5CG1285KPX', ip: '192.168.1.103', os.name: 'Windows 10', os.arch: 'amd64', os.version: '10.0', java.version: '17.0.1'
Driver info: org.openqa.selenium.edge.EdgeDriver
Command: [be49146506fea126c2ef384f8a58dede, getElementText {id=d8d94490-1848-4b2c-a3e2-c733aa9c021c}]
Capabilities {acceptInsecureCerts: false, browserName: msedge, browserVersion: 95.0.1020.30, ms:edgeOptions: {debuggerAddress: localhost:56111}, msedge: {msedgedriverVersion: 95.0.1020.53 (9087d157c3938..., userDataDir: C:\Users\VENKATEC\AppData\L...}, networkConnectionEnabled: false, pageLoadStrategy: normal, platformName: WINDOWS, proxy: Proxy(), se:cdp: ws://localhost:56111/devtoo..., se:cdpVersion: 95.0.1020.30, setWindowRect: true, strictFileInteractability: false, timeouts: {implicit: 0, pageLoad: 300000, script: 30000}, unhandledPromptBehavior: dismiss and notify, webauthn:extension:credBlob: true, webauthn:extension:largeBlob: true, webauthn:virtualAuthenticators: true}
Element: [[EdgeDriver: msedge on WINDOWS (be49146506fea126c2ef384f8a58dede)] -> xpath: //div[@class='react-datepicker__week']/div]
Session ID: be49146506fea126c2ef384f8a58dede
at java.base/jdk.internal.reflect.NativeConstructorAccessorImpl.newInstance0(Native Method)
at java.base/jdk.internal.reflect.NativeConstructorAccessorImpl.newInstance(NativeConstructorAccessorImpl.java:77)
at java.base/jdk.internal.reflect.DelegatingConstructorAccessorImpl.newInstance(DelegatingConstructorAccessorImpl.java:45)
at java.base/java.lang.reflect.Constructor.newInstanceWithCaller(Constructor.java:499)
at java.base/java.lang.reflect.Constructor.newInstance(Constructor.java:480)
at org.openqa.selenium.remote.codec.w3c.W3CHttpResponseCodec.createException(W3CHttpResponseCodec.java:200)
at org.openqa.selenium.remote.codec.w3c.W3CHttpResponseCodec.decode(W3CHttpResponseCodec.java:133)
at org.openqa.selenium.remote.codec.w3c.W3CHttpResponseCodec.decode(W3CHttpResponseCodec.java:53)
at org.openqa.selenium.remote.HttpCommandExecutor.execute(HttpCommandExecutor.java:184)
at org.openqa.selenium.remote.service.DriverCommandExecutor.invokeExecute(DriverCommandExecutor.java:167)
at org.openqa.selenium.remote.service.DriverCommandExecutor.execute(DriverCommandExecutor.java:142)
at org.openqa.selenium.remote.RemoteWebDriver.execute(RemoteWebDriver.java:569)
at org.openqa.selenium.remote.RemoteWebElement.execute(RemoteWebElement.java:257)
at org.openqa.selenium.remote.RemoteWebElement.getText(RemoteWebElement.java:207)
at Pages.LiveScores_upcoming.calendar(LiveScores_upcoming.java:129)
at java.base/jdk.internal.reflect.NativeMethodAccessorImpl.invoke0(Native Method)
at java.base/jdk.internal.reflect.NativeMethodAccessorImpl.invoke(NativeMethodAccessorImpl.java:77)
at java.base/jdk.internal.reflect.DelegatingMethodAccessorImpl.invoke(DelegatingMethodAccessorImpl.java:43)
at java.base/java.lang.reflect.Method.invoke(Method.java:568)
at org.testng.internal.MethodInvocationHelper.invokeMethod(MethodInvocationHelper.java:133)
at org.testng.internal.TestInvoker.invokeMethod(TestInvoker.java:598)
at org.testng.internal.TestInvoker.invokeTestMethod(TestInvoker.java:173)
at org.testng.internal.MethodRunner.runInSequence(MethodRunner.java:46)
at org.testng.internal.TestInvoker$MethodInvocationAgent.invoke(TestInvoker.java:824)
at org.testng.internal.TestInvoker.invokeTestMethods(TestInvoker.java:146)
at org.testng.internal.TestMethodWorker.invokeTestMethods(TestMethodWorker.java:146)
at org.testng.internal.TestMethodWorker.run(TestMethodWorker.java:128)
at java.base/java.util.concurrent.ThreadPoolExecutor.runWorker(ThreadPoolExecutor.java:1136)
at java.base/java.util.concurrent.ThreadPoolExecutor$Worker.run(ThreadPoolExecutor.java:635)
at java.base/java.lang.Thread.run(Thread.java:833)
]]>
    </error>
  </testcase> <!-- calendar -->
  <system-out/>
  <testcase classname="Pages.LiveScores_upcoming" name="calendarclickMonth" time="649.277">
    <error message="stale element reference: element is not attached to the page document
  (Session info: MicrosoftEdge=95.0.1020.30)
For documentation on this error, please visit: https://selenium.dev/exceptions/#stale_element_reference
Build info: version: &#039;4.3.0&#039;, revision: &#039;a4995e2c09*&#039;
System info: host: &#039;WX-5CG1285KPX&#039;, ip: &#039;192.168.1.103&#039;, os.name: &#039;Windows 10&#039;, os.arch: &#039;amd64&#039;, os.version: &#039;10.0&#039;, java.version: &#039;17.0.1&#039;
Driver info: org.openqa.selenium.edge.EdgeDriver
Command: [be49146506fea126c2ef384f8a58dede, getElementText {id=e3e0c262-7cdb-471a-a35f-e06c12ba1890}]
Capabilities {acceptInsecureCerts: false, browserName: msedge, browserVersion: 95.0.1020.30, ms:edgeOptions: {debuggerAddress: localhost:56111}, msedge: {msedgedriverVersion: 95.0.1020.53 (9087d157c3938..., userDataDir: C:\Users\VENKATEC\AppData\L...}, networkConnectionEnabled: false, pageLoadStrategy: normal, platformName: WINDOWS, proxy: Proxy(), se:cdp: ws://localhost:56111/devtoo..., se:cdpVersion: 95.0.1020.30, setWindowRect: true, strictFileInteractability: false, timeouts: {implicit: 0, pageLoad: 300000, script: 30000}, unhandledPromptBehavior: dismiss and notify, webauthn:extension:credBlob: true, webauthn:extension:largeBlob: true, webauthn:virtualAuthenticators: true}
Element: [[EdgeDriver: msedge on WINDOWS (be49146506fea126c2ef384f8a58dede)] -&gt; xpath: //div[@class=&#039;react-datepicker__week&#039;]/div]
Session ID: be49146506fea126c2ef384f8a58dede" type="org.openqa.selenium.StaleElementReferenceException">
      <![CDATA[org.openqa.selenium.StaleElementReferenceException: stale element reference: element is not attached to the page document
  (Session info: MicrosoftEdge=95.0.1020.30)
For documentation on this error, please visit: https://selenium.dev/exceptions/#stale_element_reference
Build info: version: '4.3.0', revision: 'a4995e2c09*'
System info: host: 'WX-5CG1285KPX', ip: '192.168.1.103', os.name: 'Windows 10', os.arch: 'amd64', os.version: '10.0', java.version: '17.0.1'
Driver info: org.openqa.selenium.edge.EdgeDriver
Command: [be49146506fea126c2ef384f8a58dede, getElementText {id=e3e0c262-7cdb-471a-a35f-e06c12ba1890}]
Capabilities {acceptInsecureCerts: false, browserName: msedge, browserVersion: 95.0.1020.30, ms:edgeOptions: {debuggerAddress: localhost:56111}, msedge: {msedgedriverVersion: 95.0.1020.53 (9087d157c3938..., userDataDir: C:\Users\VENKATEC\AppData\L...}, networkConnectionEnabled: false, pageLoadStrategy: normal, platformName: WINDOWS, proxy: Proxy(), se:cdp: ws://localhost:56111/devtoo..., se:cdpVersion: 95.0.1020.30, setWindowRect: true, strictFileInteractability: false, timeouts: {implicit: 0, pageLoad: 300000, script: 30000}, unhandledPromptBehavior: dismiss and notify, webauthn:extension:credBlob: true, webauthn:extension:largeBlob: true, webauthn:virtualAuthenticators: true}
Element: [[EdgeDriver: msedge on WINDOWS (be49146506fea126c2ef384f8a58dede)] -> xpath: //div[@class='react-datepicker__week']/div]
Session ID: be49146506fea126c2ef384f8a58dede
at java.base/jdk.internal.reflect.NativeConstructorAccessorImpl.newInstance0(Native Method)
at java.base/jdk.internal.reflect.NativeConstructorAccessorImpl.newInstance(NativeConstructorAccessorImpl.java:77)
at java.base/jdk.internal.reflect.DelegatingConstructorAccessorImpl.newInstance(DelegatingConstructorAccessorImpl.java:45)
at java.base/java.lang.reflect.Constructor.newInstanceWithCaller(Constructor.java:499)
at java.base/java.lang.reflect.Constructor.newInstance(Constructor.java:480)
at org.openqa.selenium.remote.codec.w3c.W3CHttpResponseCodec.createException(W3CHttpResponseCodec.java:200)
at org.openqa.selenium.remote.codec.w3c.W3CHttpResponseCodec.decode(W3CHttpResponseCodec.java:133)
at org.openqa.selenium.remote.codec.w3c.W3CHttpResponseCodec.decode(W3CHttpResponseCodec.java:53)
at org.openqa.selenium.remote.HttpCommandExecutor.execute(HttpCommandExecutor.java:184)
at org.openqa.selenium.remote.service.DriverCommandExecutor.invokeExecute(DriverCommandExecutor.java:167)
at org.openqa.selenium.remote.service.DriverCommandExecutor.execute(DriverCommandExecutor.java:142)
at org.openqa.selenium.remote.RemoteWebDriver.execute(RemoteWebDriver.java:569)
at org.openqa.selenium.remote.RemoteWebElement.execute(RemoteWebElement.java:257)
at org.openqa.selenium.remote.RemoteWebElement.getText(RemoteWebElement.java:207)
at Pages.LiveScores_upcoming.calendarclickMonth(LiveScores_upcoming.java:153)
at java.base/jdk.internal.reflect.NativeMethodAccessorImpl.invoke0(Native Method)
at java.base/jdk.internal.reflect.NativeMethodAccessorImpl.invoke(NativeMethodAccessorImpl.java:77)
at java.base/jdk.internal.reflect.DelegatingMethodAccessorImpl.invoke(DelegatingMethodAccessorImpl.java:43)
at java.base/java.lang.reflect.Method.invoke(Method.java:568)
at org.testng.internal.MethodInvocationHelper.invokeMethod(MethodInvocationHelper.java:133)
at org.testng.internal.TestInvoker.invokeMethod(TestInvoker.java:598)
at org.testng.internal.TestInvoker.invokeTestMethod(TestInvoker.java:173)
at org.testng.internal.MethodRunner.runInSequence(MethodRunner.java:46)
at org.testng.internal.TestInvoker$MethodInvocationAgent.invoke(TestInvoker.java:824)
at org.testng.internal.TestInvoker.invokeTestMethods(TestInvoker.java:146)
at org.testng.internal.TestMethodWorker.invokeTestMethods(TestMethodWorker.java:146)
at org.testng.internal.TestMethodWorker.run(TestMethodWorker.java:128)
at java.base/java.util.concurrent.ThreadPoolExecutor.runWorker(ThreadPoolExecutor.java:1136)
at java.base/java.util.concurrent.ThreadPoolExecutor$Worker.run(ThreadPoolExecutor.java:635)
at java.base/java.lang.Thread.run(Thread.java:833)
]]>
    </error>
  </testcase> <!-- calendarclickMonth -->
  <system-out/>
  <testcase classname="Pages.LiveScores_upcoming" name="next30days" time="9.940"/>
  <system-out/>
  <testcase classname="Pages.LiveScores_upcoming" name="dateTest" time="38.227"/>
  <system-out/>
  <testcase classname="Pages.LiveScores_upcoming" name="clickviewByDay">
    <skipped/>
  </testcase> <!-- clickviewByDay -->
  <system-out/>
</testsuite> <!-- Pages.LiveScores_upcoming -->
