<?xml version="1.0" encoding="UTF-8"?>
<!-- Generated by org.testng.reporters.JUnitReportReporter -->
<testsuite hostname="WX-5CG1285KPX" failures="0" tests="11" name="Pages.LiveScores" time="109.421" errors="2" timestamp="2022-07-13T14:57:53 IST" skipped="1">
  <testcase classname="Pages.LiveScores" name="alert" time="26.488"/>
  <system-out/>
  <testcase classname="Pages.LiveScores" name="brokenURl" time="63.239"/>
  <system-out/>
  <testcase classname="Pages.LiveScores" name="pageTitle" time="0.152"/>
  <system-out/>
  <testcase classname="Pages.LiveScores" name="quickFilter" time="1.496"/>
  <system-out/>
  <testcase classname="Pages.LiveScores" name="Reset" time="0.553"/>
  <system-out/>
  <testcase classname="Pages.LiveScores" name="stickyTeamFilter" time="0.215"/>
  <system-out/>
  <testcase classname="Pages.LiveScores" name="selectTeamOption" time="0.154"/>
  <system-out/>
  <testcase classname="Pages.LiveScores" name="Apply" time="0.001"/>
  <system-out/>
  <testcase classname="Pages.LiveScores" name="ClickTeamSelectedEvent" time="17.115">
    <error message="Index 1 out of bounds for length 1" type="java.lang.IndexOutOfBoundsException">
      <![CDATA[java.lang.IndexOutOfBoundsException: Index 1 out of bounds for length 1
at java.base/jdk.internal.util.Preconditions.outOfBounds(Preconditions.java:64)
at java.base/jdk.internal.util.Preconditions.outOfBoundsCheckIndex(Preconditions.java:70)
at java.base/jdk.internal.util.Preconditions.checkIndex(Preconditions.java:266)
at java.base/java.util.Objects.checkIndex(Objects.java:359)
at java.base/java.util.ArrayList.get(ArrayList.java:427)
at Pages.LiveScores.ClickTeamSelectedEvent(LiveScores.java:182)
at java.base/jdk.internal.reflect.NativeMethodAccessorImpl.invoke0(Native Method)
at java.base/jdk.internal.reflect.NativeMethodAccessorImpl.invoke(NativeMethodAccessorImpl.java:77)
at java.base/jdk.internal.reflect.DelegatingMethodAccessorImpl.invoke(DelegatingMethodAccessorImpl.java:43)
at java.base/java.lang.reflect.Method.invoke(Method.java:568)
at org.testng.internal.MethodInvocationHelper.invokeMethod(MethodInvocationHelper.java:133)
at org.testng.internal.TestInvoker.invokeMethod(TestInvoker.java:598)
at org.testng.internal.TestInvoker.invokeTestMethod(TestInvoker.java:173)
at org.testng.internal.MethodRunner.runInSequence(MethodRunner.java:46)
at org.testng.internal.TestInvoker$MethodInvocationAgent.invoke(TestInvoker.java:824)
at org.testng.internal.TestInvoker.invokeTestMethods(TestInvoker.java:146)
at org.testng.internal.TestMethodWorker.invokeTestMethods(TestMethodWorker.java:146)
at org.testng.internal.TestMethodWorker.run(TestMethodWorker.java:128)
at java.base/java.util.ArrayList.forEach(ArrayList.java:1511)
at org.testng.TestRunner.privateRun(TestRunner.java:794)
at org.testng.TestRunner.run(TestRunner.java:596)
at org.testng.SuiteRunner.runTest(SuiteRunner.java:377)
at org.testng.SuiteRunner.runSequentially(SuiteRunner.java:371)
at org.testng.SuiteRunner.privateRun(SuiteRunner.java:332)
at org.testng.SuiteRunner.run(SuiteRunner.java:276)
at org.testng.SuiteRunnerWorker.runSuite(SuiteRunnerWorker.java:53)
at org.testng.SuiteRunnerWorker.run(SuiteRunnerWorker.java:96)
at org.testng.TestNG.runSuitesSequentially(TestNG.java:1212)
at org.testng.TestNG.runSuitesLocally(TestNG.java:1134)
at org.testng.TestNG.runSuites(TestNG.java:1063)
at org.testng.TestNG.run(TestNG.java:1031)
at org.testng.remote.AbstractRemoteTestNG.run(AbstractRemoteTestNG.java:115)
at org.testng.remote.RemoteTestNG.initAndRun(RemoteTestNG.java:251)
at org.testng.remote.RemoteTestNG.main(RemoteTestNG.java:77)
]]>
    </error>
  </testcase> <!-- ClickTeamSelectedEvent -->
  <system-out/>
  <testcase classname="Pages.LiveScores" name="allmatches" time="0.008">
    <error type="java.lang.StackOverflowError">
      <![CDATA[java.lang.StackOverflowError
at objects.liveScoresObject.viewallMatches(liveScoresObject.java:94)
at objects.liveScoresObject.viewallMatches(liveScoresObject.java:94)
at objects.liveScoresObject.viewallMatches(liveScoresObject.java:94)
at objects.liveScoresObject.viewallMatches(liveScoresObject.java:94)
at objects.liveScoresObject.viewallMatches(liveScoresObject.java:94)
at objects.liveScoresObject.viewallMatches(liveScoresObject.java:94)
at objects.liveScoresObject.viewallMatches(liveScoresObject.java:94)
at objects.liveScoresObject.viewallMatches(liveScoresObject.java:94)
at objects.liveScoresObject.viewallMatches(liveScoresObject.java:94)
at objects.liveScoresObject.viewallMatches(liveScoresObject.java:94)
at objects.liveScoresObject.viewallMatches(liveScoresObject.java:94)
at objects.liveScoresObject.viewallMatches(liveScoresObject.java:94)
at objects.liveScoresObject.viewallMatches(liveScoresObject.java:94)
at objects.liveScoresObject.viewallMatches(liveScoresObject.java:94)
at objects.liveScoresObject.viewallMatches(liveScoresObject.java:94)
at objects.liveScoresObject.viewallMatches(liveScoresObject.java:94)
at objects.liveScoresObject.viewallMatches(liveScoresObject.java:94)
at objects.liveScoresObject.viewallMatches(liveScoresObject.java:94)
at objects.liveScoresObject.viewallMatches(liveScoresObject.java:94)
at objects.liveScoresObject.viewallMatches(liveScoresObject.java:94)
at objects.liveScoresObject.viewallMatches(liveScoresObject.java:94)
at objects.liveScoresObject.viewallMatches(liveScoresObject.java:94)
at objects.liveScoresObject.viewallMatches(liveScoresObject.java:94)
at objects.liveScoresObject.viewallMatches(liveScoresObject.java:94)
at objects.liveScoresObject.viewallMatches(liveScoresObject.java:94)
at objects.liveScoresObject.viewallMatches(liveScoresObject.java:94)
at objects.liveScoresObject.viewallMatches(liveScoresObject.java:94)
at objects.liveScoresObject.viewallMatches(liveScoresObject.java:94)
at objects.liveScoresObject.viewallMatches(liveScoresObject.java:94)
at objects.liveScoresObject.viewallMatches(liveScoresObject.java:94)
at objects.liveScoresObject.viewallMatches(liveScoresObject.java:94)
at objects.liveScoresObject.viewallMatches(liveScoresObject.java:94)
at objects.liveScoresObject.viewallMatches(liveScoresObject.java:94)
at objects.liveScoresObject.viewallMatches(liveScoresObject.java:94)
at objects.liveScoresObject.viewallMatches(liveScoresObject.java:94)
at objects.liveScoresObject.viewallMatches(liveScoresObject.java:94)
at objects.liveScoresObject.viewallMatches(liveScoresObject.java:94)
at objects.liveScoresObject.viewallMatches(liveScoresObject.java:94)
at objects.liveScoresObject.viewallMatches(liveScoresObject.java:94)
at objects.liveScoresObject.viewallMatches(liveScoresObject.java:94)
at objects.liveScoresObject.viewallMatches(liveScoresObject.java:94)
at objects.liveScoresObject.viewallMatches(liveScoresObject.java:94)
at objects.liveScoresObject.viewallMatches(liveScoresObject.java:94)
at objects.liveScoresObject.viewallMatches(liveScoresObject.java:94)
at objects.liveScoresObject.viewallMatches(liveScoresObject.java:94)
at objects.liveScoresObject.viewallMatches(liveScoresObject.java:94)
at objects.liveScoresObject.viewallMatches(liveScoresObject.java:94)
at objects.liveScoresObject.viewallMatches(liveScoresObject.java:94)
at objects.liveScoresObject.viewallMatches(liveScoresObject.java:94)
at objects.liveScoresObject.viewallMatches(liveScoresObject.java:94)
at objects.liveScoresObject.viewallMatches(liveScoresObject.java:94)
at objects.liveScoresObject.viewallMatches(liveScoresObject.java:94)
at objects.liveScoresObject.viewallMatches(liveScoresObject.java:94)
at objects.liveScoresObject.viewallMatches(liveScoresObject.java:94)
at objects.liveScoresObject.viewallMatches(liveScoresObject.java:94)
at objects.liveScoresObject.viewallMatches(liveScoresObject.java:94)
at objects.liveScoresObject.viewallMatches(liveScoresObject.java:94)
at objects.liveScoresObject.viewallMatches(liveScoresObject.java:94)
at objects.liveScoresObject.viewallMatches(liveScoresObject.java:94)
at objects.liveScoresObject.viewallMatches(liveScoresObject.java:94)
at objects.liveScoresObject.viewallMatches(liveScoresObject.java:94)
at objects.liveScoresObject.viewallMatches(liveScoresObject.java:94)
at objects.liveScoresObject.viewallMatches(liveScoresObject.java:94)
at objects.liveScoresObject.viewallMatches(liveScoresObject.java:94)
at objects.liveScoresObject.viewallMatches(liveScoresObject.java:94)
at objects.liveScoresObject.viewallMatches(liveScoresObject.java:94)
at objects.liveScoresObject.viewallMatches(liveScoresObject.java:94)
at objects.liveScoresObject.viewallMatches(liveScoresObject.java:94)
at objects.liveScoresObject.viewallMatches(liveScoresObject.java:94)
at objects.liveScoresObject.viewallMatches(liveScoresObject.java:94)
at objects.liveScoresObject.viewallMatches(liveScoresObject.java:94)
at objects.liveScoresObject.viewallMatches(liveScoresObject.java:94)
at objects.liveScoresObject.viewallMatches(liveScoresObject.java:94)
at objects.liveScoresObject.viewallMatches(liveScoresObject.java:94)
at objects.liveScoresObject.viewallMatches(liveScoresObject.java:94)
at objects.liveScoresObject.viewallMatches(liveScoresObject.java:94)
at objects.liveScoresObject.viewallMatches(liveScoresObject.java:94)
at objects.liveScoresObject.viewallMatches(liveScoresObject.java:94)
at objects.liveScoresObject.viewallMatches(liveScoresObject.java:94)
at objects.liveScoresObject.viewallMatches(liveScoresObject.java:94)
at objects.liveScoresObject.viewallMatches(liveScoresObject.java:94)
at objects.liveScoresObject.viewallMatches(liveScoresObject.java:94)
at objects.liveScoresObject.viewallMatches(liveScoresObject.java:94)
at objects.liveScoresObject.viewallMatches(liveScoresObject.java:94)
at objects.liveScoresObject.viewallMatches(liveScoresObject.java:94)
at objects.liveScoresObject.viewallMatches(liveScoresObject.java:94)
at objects.liveScoresObject.viewallMatches(liveScoresObject.java:94)
at objects.liveScoresObject.viewallMatches(liveScoresObject.java:94)
at objects.liveScoresObject.viewallMatches(liveScoresObject.java:94)
at objects.liveScoresObject.viewallMatches(liveScoresObject.java:94)
at objects.liveScoresObject.viewallMatches(liveScoresObject.java:94)
at objects.liveScoresObject.viewallMatches(liveScoresObject.java:94)
at objects.liveScoresObject.viewallMatches(liveScoresObject.java:94)
at objects.liveScoresObject.viewallMatches(liveScoresObject.java:94)
at objects.liveScoresObject.viewallMatches(liveScoresObject.java:94)
at objects.liveScoresObject.viewallMatches(liveScoresObject.java:94)
at objects.liveScoresObject.viewallMatches(liveScoresObject.java:94)
at objects.liveScoresObject.viewallMatches(liveScoresObject.java:94)
at objects.liveScoresObject.viewallMatches(liveScoresObject.java:94)
at objects.liveScoresObject.viewallMatches(liveScoresObject.java:94)
at objects.liveScoresObject.viewallMatches(liveScoresObject.java:94)
at objects.liveScoresObject.viewallMatches(liveScoresObject.java:94)
at objects.liveScoresObject.viewallMatches(liveScoresObject.java:94)
at objects.liveScoresObject.viewallMatches(liveScoresObject.java:94)
at objects.liveScoresObject.viewallMatches(liveScoresObject.java:94)
at objects.liveScoresObject.viewallMatches(liveScoresObject.java:94)
at objects.liveScoresObject.viewallMatches(liveScoresObject.java:94)
at objects.liveScoresObject.viewallMatches(liveScoresObject.java:94)
at objects.liveScoresObject.viewallMatches(liveScoresObject.java:94)
at objects.liveScoresObject.viewallMatches(liveScoresObject.java:94)
at objects.liveScoresObject.viewallMatches(liveScoresObject.java:94)
at objects.liveScoresObject.viewallMatches(liveScoresObject.java:94)
at objects.liveScoresObject.viewallMatches(liveScoresObject.java:94)
at objects.liveScoresObject.viewallMatches(liveScoresObject.java:94)
at objects.liveScoresObject.viewallMatches(liveScoresObject.java:94)
at objects.liveScoresObject.viewallMatches(liveScoresObject.java:94)
at objects.liveScoresObject.viewallMatches(liveScoresObject.java:94)
at objects.liveScoresObject.viewallMatches(liveScoresObject.java:94)
at objects.liveScoresObject.viewallMatches(liveScoresObject.java:94)
at objects.liveScoresObject.viewallMatches(liveScoresObject.java:94)
at objects.liveScoresObject.viewallMatches(liveScoresObject.java:94)
at objects.liveScoresObject.viewallMatches(liveScoresObject.java:94)
at objects.liveScoresObject.viewallMatches(liveScoresObject.java:94)
at objects.liveScoresObject.viewallMatches(liveScoresObject.java:94)
at objects.liveScoresObject.viewallMatches(liveScoresObject.java:94)
at objects.liveScoresObject.viewallMatches(liveScoresObject.java:94)
at objects.liveScoresObject.viewallMatches(liveScoresObject.java:94)
at objects.liveScoresObject.viewallMatches(liveScoresObject.java:94)
at objects.liveScoresObject.viewallMatches(liveScoresObject.java:94)
at objects.liveScoresObject.viewallMatches(liveScoresObject.java:94)
at objects.liveScoresObject.viewallMatches(liveScoresObject.java:94)
at objects.liveScoresObject.viewallMatches(liveScoresObject.java:94)
at objects.liveScoresObject.viewallMatches(liveScoresObject.java:94)
at objects.liveScoresObject.viewallMatches(liveScoresObject.java:94)
at objects.liveScoresObject.viewallMatches(liveScoresObject.java:94)
at objects.liveScoresObject.viewallMatches(liveScoresObject.java:94)
at objects.liveScoresObject.viewallMatches(liveScoresObject.java:94)
at objects.liveScoresObject.viewallMatches(liveScoresObject.java:94)
at objects.liveScoresObject.viewallMatches(liveScoresObject.java:94)
at objects.liveScoresObject.viewallMatches(liveScoresObject.java:94)
at objects.liveScoresObject.viewallMatches(liveScoresObject.java:94)
at objects.liveScoresObject.viewallMatches(liveScoresObject.java:94)
at objects.liveScoresObject.viewallMatches(liveScoresObject.java:94)
at objects.liveScoresObject.viewallMatches(liveScoresObject.java:94)
at objects.liveScoresObject.viewallMatches(liveScoresObject.java:94)
at objects.liveScoresObject.viewallMatches(liveScoresObject.java:94)
at objects.liveScoresObject.viewallMatches(liveScoresObject.java:94)
at objects.liveScoresObject.viewallMatches(liveScoresObject.java:94)
at objects.liveScoresObject.viewallMatches(liveScoresObject.java:94)
at objects.liveScoresObject.viewallMatches(liveScoresObject.java:94)
at objects.liveScoresObject.viewallMatches(liveScoresObject.java:94)
at objects.liveScoresObject.viewallMatches(liveScoresObject.java:94)
at objects.liveScoresObject.viewallMatches(liveScoresObject.java:94)
at objects.liveScoresObject.viewallMatches(liveScoresObject.java:94)
at objects.liveScoresObject.viewallMatches(liveScoresObject.java:94)
at objects.liveScoresObject.viewallMatches(liveScoresObject.java:94)
at objects.liveScoresObject.viewallMatches(liveScoresObject.java:94)
at objects.liveScoresObject.viewallMatches(liveScoresObject.java:94)
at objects.liveScoresObject.viewallMatches(liveScoresObject.java:94)
at objects.liveScoresObject.viewallMatches(liveScoresObject.java:94)
at objects.liveScoresObject.viewallMatches(liveScoresObject.java:94)
at objects.liveScoresObject.viewallMatches(liveScoresObject.java:94)
at objects.liveScoresObject.viewallMatches(liveScoresObject.java:94)
at objects.liveScoresObject.viewallMatches(liveScoresObject.java:94)
at objects.liveScoresObject.viewallMatches(liveScoresObject.java:94)
at objects.liveScoresObject.viewallMatches(liveScoresObject.java:94)
at objects.liveScoresObject.viewallMatches(liveScoresObject.java:94)
at objects.liveScoresObject.viewallMatches(liveScoresObject.java:94)
at objects.liveScoresObject.viewallMatches(liveScoresObject.java:94)
at objects.liveScoresObject.viewallMatches(liveScoresObject.java:94)
at objects.liveScoresObject.viewallMatches(liveScoresObject.java:94)
at objects.liveScoresObject.viewallMatches(liveScoresObject.java:94)
at objects.liveScoresObject.viewallMatches(liveScoresObject.java:94)
at objects.liveScoresObject.viewallMatches(liveScoresObject.java:94)
at objects.liveScoresObject.viewallMatches(liveScoresObject.java:94)
at objects.liveScoresObject.viewallMatches(liveScoresObject.java:94)
at objects.liveScoresObject.viewallMatches(liveScoresObject.java:94)
at objects.liveScoresObject.viewallMatches(liveScoresObject.java:94)
at objects.liveScoresObject.viewallMatches(liveScoresObject.java:94)
at objects.liveScoresObject.viewallMatches(liveScoresObject.java:94)
at objects.liveScoresObject.viewallMatches(liveScoresObject.java:94)
at objects.liveScoresObject.viewallMatches(liveScoresObject.java:94)
at objects.liveScoresObject.viewallMatches(liveScoresObject.java:94)
at objects.liveScoresObject.viewallMatches(liveScoresObject.java:94)
at objects.liveScoresObject.viewallMatches(liveScoresObject.java:94)
at objects.liveScoresObject.viewallMatches(liveScoresObject.java:94)
at objects.liveScoresObject.viewallMatches(liveScoresObject.java:94)
at objects.liveScoresObject.viewallMatches(liveScoresObject.java:94)
at objects.liveScoresObject.viewallMatches(liveScoresObject.java:94)
at objects.liveScoresObject.viewallMatches(liveScoresObject.java:94)
at objects.liveScoresObject.viewallMatches(liveScoresObject.java:94)
at objects.liveScoresObject.viewallMatches(liveScoresObject.java:94)
at objects.liveScoresObject.viewallMatches(liveScoresObject.java:94)
at objects.liveScoresObject.viewallMatches(liveScoresObject.java:94)
at objects.liveScoresObject.viewallMatches(liveScoresObject.java:94)
at objects.liveScoresObject.viewallMatches(liveScoresObject.java:94)
at objects.liveScoresObject.viewallMatches(liveScoresObject.java:94)
at objects.liveScoresObject.viewallMatches(liveScoresObject.java:94)
at objects.liveScoresObject.viewallMatches(liveScoresObject.java:94)
at objects.liveScoresObject.viewallMatches(liveScoresObject.java:94)
at objects.liveScoresObject.viewallMatches(liveScoresObject.java:94)
at objects.liveScoresObject.viewallMatches(liveScoresObject.java:94)
at objects.liveScoresObject.viewallMatches(liveScoresObject.java:94)
at objects.liveScoresObject.viewallMatches(liveScoresObject.java:94)
at objects.liveScoresObject.viewallMatches(liveScoresObject.java:94)
at objects.liveScoresObject.viewallMatches(liveScoresObject.java:94)
at objects.liveScoresObject.viewallMatches(liveScoresObject.java:94)
at objects.liveScoresObject.viewallMatches(liveScoresObject.java:94)
at objects.liveScoresObject.viewallMatches(liveScoresObject.java:94)
at objects.liveScoresObject.viewallMatches(liveScoresObject.java:94)
at objects.liveScoresObject.viewallMatches(liveScoresObject.java:94)
at objects.liveScoresObject.viewallMatches(liveScoresObject.java:94)
at objects.liveScoresObject.viewallMatches(liveScoresObject.java:94)
at objects.liveScoresObject.viewallMatches(liveScoresObject.java:94)
at objects.liveScoresObject.viewallMatches(liveScoresObject.java:94)
at objects.liveScoresObject.viewallMatches(liveScoresObject.java:94)
at objects.liveScoresObject.viewallMatches(liveScoresObject.java:94)
at objects.liveScoresObject.viewallMatches(liveScoresObject.java:94)
at objects.liveScoresObject.viewallMatches(liveScoresObject.java:94)
at objects.liveScoresObject.viewallMatches(liveScoresObject.java:94)
at objects.liveScoresObject.viewallMatches(liveScoresObject.java:94)
at objects.liveScoresObject.viewallMatches(liveScoresObject.java:94)
at objects.liveScoresObject.viewallMatches(liveScoresObject.java:94)
at objects.liveScoresObject.viewallMatches(liveScoresObject.java:94)
at objects.liveScoresObject.viewallMatches(liveScoresObject.java:94)
at objects.liveScoresObject.viewallMatches(liveScoresObject.java:94)
at objects.liveScoresObject.viewallMatches(liveScoresObject.java:94)
at objects.liveScoresObject.viewallMatches(liveScoresObject.java:94)
at objects.liveScoresObject.viewallMatches(liveScoresObject.java:94)
at objects.liveScoresObject.viewallMatches(liveScoresObject.java:94)
at objects.liveScoresObject.viewallMatches(liveScoresObject.java:94)
at objects.liveScoresObject.viewallMatches(liveScoresObject.java:94)
at objects.liveScoresObject.viewallMatches(liveScoresObject.java:94)
at objects.liveScoresObject.viewallMatches(liveScoresObject.java:94)
at objects.liveScoresObject.viewallMatches(liveScoresObject.java:94)
at objects.liveScoresObject.viewallMatches(liveScoresObject.java:94)
at objects.liveScoresObject.viewallMatches(liveScoresObject.java:94)
at objects.liveScoresObject.viewallMatches(liveScoresObject.java:94)
at objects.liveScoresObject.viewallMatches(liveScoresObject.java:94)
at objects.liveScoresObject.viewallMatches(liveScoresObject.java:94)
at objects.liveScoresObject.viewallMatches(liveScoresObject.java:94)
at objects.liveScoresObject.viewallMatches(liveScoresObject.java:94)
at objects.liveScoresObject.viewallMatches(liveScoresObject.java:94)
at objects.liveScoresObject.viewallMatches(liveScoresObject.java:94)
at objects.liveScoresObject.viewallMatches(liveScoresObject.java:94)
at objects.liveScoresObject.viewallMatches(liveScoresObject.java:94)
at objects.liveScoresObject.viewallMatches(liveScoresObject.java:94)
at objects.liveScoresObject.viewallMatches(liveScoresObject.java:94)
at objects.liveScoresObject.viewallMatches(liveScoresObject.java:94)
at objects.liveScoresObject.viewallMatches(liveScoresObject.java:94)
at objects.liveScoresObject.viewallMatches(liveScoresObject.java:94)
at objects.liveScoresObject.viewallMatches(liveScoresObject.java:94)
at objects.liveScoresObject.viewallMatches(liveScoresObject.java:94)
at objects.liveScoresObject.viewallMatches(liveScoresObject.java:94)
at objects.liveScoresObject.viewallMatches(liveScoresObject.java:94)
at objects.liveScoresObject.viewallMatches(liveScoresObject.java:94)
at objects.liveScoresObject.viewallMatches(liveScoresObject.java:94)
at objects.liveScoresObject.viewallMatches(liveScoresObject.java:94)
at objects.liveScoresObject.viewallMatches(liveScoresObject.java:94)
at objects.liveScoresObject.viewallMatches(liveScoresObject.java:94)
at objects.liveScoresObject.viewallMatches(liveScoresObject.java:94)
at objects.liveScoresObject.viewallMatches(liveScoresObject.java:94)
at objects.liveScoresObject.viewallMatches(liveScoresObject.java:94)
at objects.liveScoresObject.viewallMatches(liveScoresObject.java:94)
at objects.liveScoresObject.viewallMatches(liveScoresObject.java:94)
at objects.liveScoresObject.viewallMatches(liveScoresObject.java:94)
at objects.liveScoresObject.viewallMatches(liveScoresObject.java:94)
at objects.liveScoresObject.viewallMatches(liveScoresObject.java:94)
at objects.liveScoresObject.viewallMatches(liveScoresObject.java:94)
at objects.liveScoresObject.viewallMatches(liveScoresObject.java:94)
at objects.liveScoresObject.viewallMatches(liveScoresObject.java:94)
at objects.liveScoresObject.viewallMatches(liveScoresObject.java:94)
at objects.liveScoresObject.viewallMatches(liveScoresObject.java:94)
at objects.liveScoresObject.viewallMatches(liveScoresObject.java:94)
at objects.liveScoresObject.viewallMatches(liveScoresObject.java:94)
at objects.liveScoresObject.viewallMatches(liveScoresObject.java:94)
at objects.liveScoresObject.viewallMatches(liveScoresObject.java:94)
at objects.liveScoresObject.viewallMatches(liveScoresObject.java:94)
at objects.liveScoresObject.viewallMatches(liveScoresObject.java:94)
at objects.liveScoresObject.viewallMatches(liveScoresObject.java:94)
at objects.liveScoresObject.viewallMatches(liveScoresObject.java:94)
at objects.liveScoresObject.viewallMatches(liveScoresObject.java:94)
at objects.liveScoresObject.viewallMatches(liveScoresObject.java:94)
at objects.liveScoresObject.viewallMatches(liveScoresObject.java:94)
at objects.liveScoresObject.viewallMatches(liveScoresObject.java:94)
at objects.liveScoresObject.viewallMatches(liveScoresObject.java:94)
at objects.liveScoresObject.viewallMatches(liveScoresObject.java:94)
at objects.liveScoresObject.viewallMatches(liveScoresObject.java:94)
at objects.liveScoresObject.viewallMatches(liveScoresObject.java:94)
at objects.liveScoresObject.viewallMatches(liveScoresObject.java:94)
at objects.liveScoresObject.viewallMatches(liveScoresObject.java:94)
at objects.liveScoresObject.viewallMatches(liveScoresObject.java:94)
at objects.liveScoresObject.viewallMatches(liveScoresObject.java:94)
at objects.liveScoresObject.viewallMatches(liveScoresObject.java:94)
at objects.liveScoresObject.viewallMatches(liveScoresObject.java:94)
at objects.liveScoresObject.viewallMatches(liveScoresObject.java:94)
at objects.liveScoresObject.viewallMatches(liveScoresObject.java:94)
at objects.liveScoresObject.viewallMatches(liveScoresObject.java:94)
at objects.liveScoresObject.viewallMatches(liveScoresObject.java:94)
at objects.liveScoresObject.viewallMatches(liveScoresObject.java:94)
at objects.liveScoresObject.viewallMatches(liveScoresObject.java:94)
at objects.liveScoresObject.viewallMatches(liveScoresObject.java:94)
at objects.liveScoresObject.viewallMatches(liveScoresObject.java:94)
at objects.liveScoresObject.viewallMatches(liveScoresObject.java:94)
at objects.liveScoresObject.viewallMatches(liveScoresObject.java:94)
at objects.liveScoresObject.viewallMatches(liveScoresObject.java:94)
at objects.liveScoresObject.viewallMatches(liveScoresObject.java:94)
at objects.liveScoresObject.viewallMatches(liveScoresObject.java:94)
at objects.liveScoresObject.viewallMatches(liveScoresObject.java:94)
at objects.liveScoresObject.viewallMatches(liveScoresObject.java:94)
at objects.liveScoresObject.viewallMatches(liveScoresObject.java:94)
at objects.liveScoresObject.viewallMatches(liveScoresObject.java:94)
at objects.liveScoresObject.viewallMatches(liveScoresObject.java:94)
at objects.liveScoresObject.viewallMatches(liveScoresObject.java:94)
at objects.liveScoresObject.viewallMatches(liveScoresObject.java:94)
at objects.liveScoresObject.viewallMatches(liveScoresObject.java:94)
at objects.liveScoresObject.viewallMatches(liveScoresObject.java:94)
at objects.liveScoresObject.viewallMatches(liveScoresObject.java:94)
at objects.liveScoresObject.viewallMatches(liveScoresObject.java:94)
at objects.liveScoresObject.viewallMatches(liveScoresObject.java:94)
at objects.liveScoresObject.viewallMatches(liveScoresObject.java:94)
at objects.liveScoresObject.viewallMatches(liveScoresObject.java:94)
at objects.liveScoresObject.viewallMatches(liveScoresObject.java:94)
at objects.liveScoresObject.viewallMatches(liveScoresObject.java:94)
at objects.liveScoresObject.viewallMatches(liveScoresObject.java:94)
at objects.liveScoresObject.viewallMatches(liveScoresObject.java:94)
at objects.liveScoresObject.viewallMatches(liveScoresObject.java:94)
at objects.liveScoresObject.viewallMatches(liveScoresObject.java:94)
at objects.liveScoresObject.viewallMatches(liveScoresObject.java:94)
at objects.liveScoresObject.viewallMatches(liveScoresObject.java:94)
at objects.liveScoresObject.viewallMatches(liveScoresObject.java:94)
at objects.liveScoresObject.viewallMatches(liveScoresObject.java:94)
at objects.liveScoresObject.viewallMatches(liveScoresObject.java:94)
at objects.liveScoresObject.viewallMatches(liveScoresObject.java:94)
at objects.liveScoresObject.viewallMatches(liveScoresObject.java:94)
at objects.liveScoresObject.viewallMatches(liveScoresObject.java:94)
at objects.liveScoresObject.viewallMatches(liveScoresObject.java:94)
at objects.liveScoresObject.viewallMatches(liveScoresObject.java:94)
at objects.liveScoresObject.viewallMatches(liveScoresObject.java:94)
at objects.liveScoresObject.viewallMatches(liveScoresObject.java:94)
at objects.liveScoresObject.viewallMatches(liveScoresObject.java:94)
at objects.liveScoresObject.viewallMatches(liveScoresObject.java:94)
at objects.liveScoresObject.viewallMatches(liveScoresObject.java:94)
at objects.liveScoresObject.viewallMatches(liveScoresObject.java:94)
at objects.liveScoresObject.viewallMatches(liveScoresObject.java:94)
at objects.liveScoresObject.viewallMatches(liveScoresObject.java:94)
at objects.liveScoresObject.viewallMatches(liveScoresObject.java:94)
at objects.liveScoresObject.viewallMatches(liveScoresObject.java:94)
at objects.liveScoresObject.viewallMatches(liveScoresObject.java:94)
at objects.liveScoresObject.viewallMatches(liveScoresObject.java:94)
at objects.liveScoresObject.viewallMatches(liveScoresObject.java:94)
at objects.liveScoresObject.viewallMatches(liveScoresObject.java:94)
at objects.liveScoresObject.viewallMatches(liveScoresObject.java:94)
at objects.liveScoresObject.viewallMatches(liveScoresObject.java:94)
at objects.liveScoresObject.viewallMatches(liveScoresObject.java:94)
at objects.liveScoresObject.viewallMatches(liveScoresObject.java:94)
at objects.liveScoresObject.viewallMatches(liveScoresObject.java:94)
at objects.liveScoresObject.viewallMatches(liveScoresObject.java:94)
at objects.liveScoresObject.viewallMatches(liveScoresObject.java:94)
at objects.liveScoresObject.viewallMatches(liveScoresObject.java:94)
at objects.liveScoresObject.viewallMatches(liveScoresObject.java:94)
at objects.liveScoresObject.viewallMatches(liveScoresObject.java:94)
at objects.liveScoresObject.viewallMatches(liveScoresObject.java:94)
at objects.liveScoresObject.viewallMatches(liveScoresObject.java:94)
at objects.liveScoresObject.viewallMatches(liveScoresObject.java:94)
at objects.liveScoresObject.viewallMatches(liveScoresObject.java:94)
at objects.liveScoresObject.viewallMatches(liveScoresObject.java:94)
at objects.liveScoresObject.viewallMatches(liveScoresObject.java:94)
at objects.liveScoresObject.viewallMatches(liveScoresObject.java:94)
at objects.liveScoresObject.viewallMatches(liveScoresObject.java:94)
at objects.liveScoresObject.viewallMatches(liveScoresObject.java:94)
at objects.liveScoresObject.viewallMatches(liveScoresObject.java:94)
at objects.liveScoresObject.viewallMatches(liveScoresObject.java:94)
at objects.liveScoresObject.viewallMatches(liveScoresObject.java:94)
at objects.liveScoresObject.viewallMatches(liveScoresObject.java:94)
at objects.liveScoresObject.viewallMatches(liveScoresObject.java:94)
at objects.liveScoresObject.viewallMatches(liveScoresObject.java:94)
at objects.liveScoresObject.viewallMatches(liveScoresObject.java:94)
at objects.liveScoresObject.viewallMatches(liveScoresObject.java:94)
at objects.liveScoresObject.viewallMatches(liveScoresObject.java:94)
at objects.liveScoresObject.viewallMatches(liveScoresObject.java:94)
at objects.liveScoresObject.viewallMatches(liveScoresObject.java:94)
at objects.liveScoresObject.viewallMatches(liveScoresObject.java:94)
at objects.liveScoresObject.viewallMatches(liveScoresObject.java:94)
at objects.liveScoresObject.viewallMatches(liveScoresObject.java:94)
at objects.liveScoresObject.viewallMatches(liveScoresObject.java:94)
at objects.liveScoresObject.viewallMatches(liveScoresObject.java:94)
at objects.liveScoresObject.viewallMatches(liveScoresObject.java:94)
at objects.liveScoresObject.viewallMatches(liveScoresObject.java:94)
at objects.liveScoresObject.viewallMatches(liveScoresObject.java:94)
at objects.liveScoresObject.viewallMatches(liveScoresObject.java:94)
at objects.liveScoresObject.viewallMatches(liveScoresObject.java:94)
at objects.liveScoresObject.viewallMatches(liveScoresObject.java:94)
at objects.liveScoresObject.viewallMatches(liveScoresObject.java:94)
at objects.liveScoresObject.viewallMatches(liveScoresObject.java:94)
at objects.liveScoresObject.viewallMatches(liveScoresObject.java:94)
at objects.liveScoresObject.viewallMatches(liveScoresObject.java:94)
at objects.liveScoresObject.viewallMatches(liveScoresObject.java:94)
at objects.liveScoresObject.viewallMatches(liveScoresObject.java:94)
at objects.liveScoresObject.viewallMatches(liveScoresObject.java:94)
at objects.liveScoresObject.viewallMatches(liveScoresObject.java:94)
at objects.liveScoresObject.viewallMatches(liveScoresObject.java:94)
at objects.liveScoresObject.viewallMatches(liveScoresObject.java:94)
at objects.liveScoresObject.viewallMatches(liveScoresObject.java:94)
at objects.liveScoresObject.viewallMatches(liveScoresObject.java:94)
at objects.liveScoresObject.viewallMatches(liveScoresObject.java:94)
at objects.liveScoresObject.viewallMatches(liveScoresObject.java:94)
at objects.liveScoresObject.viewallMatches(liveScoresObject.java:94)
at objects.liveScoresObject.viewallMatches(liveScoresObject.java:94)
at objects.liveScoresObject.viewallMatches(liveScoresObject.java:94)
at objects.liveScoresObject.viewallMatches(liveScoresObject.java:94)
at objects.liveScoresObject.viewallMatches(liveScoresObject.java:94)
at objects.liveScoresObject.viewallMatches(liveScoresObject.java:94)
at objects.liveScoresObject.viewallMatches(liveScoresObject.java:94)
at objects.liveScoresObject.viewallMatches(liveScoresObject.java:94)
at objects.liveScoresObject.viewallMatches(liveScoresObject.java:94)
at objects.liveScoresObject.viewallMatches(liveScoresObject.java:94)
at objects.liveScoresObject.viewallMatches(liveScoresObject.java:94)
at objects.liveScoresObject.viewallMatches(liveScoresObject.java:94)
at objects.liveScoresObject.viewallMatches(liveScoresObject.java:94)
at objects.liveScoresObject.viewallMatches(liveScoresObject.java:94)
at objects.liveScoresObject.viewallMatches(liveScoresObject.java:94)
at objects.liveScoresObject.viewallMatches(liveScoresObject.java:94)
at objects.liveScoresObject.viewallMatches(liveScoresObject.java:94)
at objects.liveScoresObject.viewallMatches(liveScoresObject.java:94)
at objects.liveScoresObject.viewallMatches(liveScoresObject.java:94)
at objects.liveScoresObject.viewallMatches(liveScoresObject.java:94)
at objects.liveScoresObject.viewallMatches(liveScoresObject.java:94)
at objects.liveScoresObject.viewallMatches(liveScoresObject.java:94)
at objects.liveScoresObject.viewallMatches(liveScoresObject.java:94)
at objects.liveScoresObject.viewallMatches(liveScoresObject.java:94)
at objects.liveScoresObject.viewallMatches(liveScoresObject.java:94)
at objects.liveScoresObject.viewallMatches(liveScoresObject.java:94)
at objects.liveScoresObject.viewallMatches(liveScoresObject.java:94)
at objects.liveScoresObject.viewallMatches(liveScoresObject.java:94)
at objects.liveScoresObject.viewallMatches(liveScoresObject.java:94)
at objects.liveScoresObject.viewallMatches(liveScoresObject.java:94)
at objects.liveScoresObject.viewallMatches(liveScoresObject.java:94)
at objects.liveScoresObject.viewallMatches(liveScoresObject.java:94)
at objects.liveScoresObject.viewallMatches(liveScoresObject.java:94)
at objects.liveScoresObject.viewallMatches(liveScoresObject.java:94)
at objects.liveScoresObject.viewallMatches(liveScoresObject.java:94)
at objects.liveScoresObject.viewallMatches(liveScoresObject.java:94)
at objects.liveScoresObject.viewallMatches(liveScoresObject.java:94)
at objects.liveScoresObject.viewallMatches(liveScoresObject.java:94)
at objects.liveScoresObject.viewallMatches(liveScoresObject.java:94)
at objects.liveScoresObject.viewallMatches(liveScoresObject.java:94)
at objects.liveScoresObject.viewallMatches(liveScoresObject.java:94)
at objects.liveScoresObject.viewallMatches(liveScoresObject.java:94)
at objects.liveScoresObject.viewallMatches(liveScoresObject.java:94)
at objects.liveScoresObject.viewallMatches(liveScoresObject.java:94)
at objects.liveScoresObject.viewallMatches(liveScoresObject.java:94)
at objects.liveScoresObject.viewallMatches(liveScoresObject.java:94)
at objects.liveScoresObject.viewallMatches(liveScoresObject.java:94)
at objects.liveScoresObject.viewallMatches(liveScoresObject.java:94)
at objects.liveScoresObject.viewallMatches(liveScoresObject.java:94)
at objects.liveScoresObject.viewallMatches(liveScoresObject.java:94)
at objects.liveScoresObject.viewallMatches(liveScoresObject.java:94)
at objects.liveScoresObject.viewallMatches(liveScoresObject.java:94)
at objects.liveScoresObject.viewallMatches(liveScoresObject.java:94)
at objects.liveScoresObject.viewallMatches(liveScoresObject.java:94)
at objects.liveScoresObject.viewallMatches(liveScoresObject.java:94)
at objects.liveScoresObject.viewallMatches(liveScoresObject.java:94)
at objects.liveScoresObject.viewallMatches(liveScoresObject.java:94)
at objects.liveScoresObject.viewallMatches(liveScoresObject.java:94)
at objects.liveScoresObject.viewallMatches(liveScoresObject.java:94)
at objects.liveScoresObject.viewallMatches(liveScoresObject.java:94)
at objects.liveScoresObject.viewallMatches(liveScoresObject.java:94)
at objects.liveScoresObject.viewallMatches(liveScoresObject.java:94)
at objects.liveScoresObject.viewallMatches(liveScoresObject.java:94)
at objects.liveScoresObject.viewallMatches(liveScoresObject.java:94)
at objects.liveScoresObject.viewallMatches(liveScoresObject.java:94)
at objects.liveScoresObject.viewallMatches(liveScoresObject.java:94)
at objects.liveScoresObject.viewallMatches(liveScoresObject.java:94)
at objects.liveScoresObject.viewallMatches(liveScoresObject.java:94)
at objects.liveScoresObject.viewallMatches(liveScoresObject.java:94)
at objects.liveScoresObject.viewallMatches(liveScoresObject.java:94)
at objects.liveScoresObject.viewallMatches(liveScoresObject.java:94)
at objects.liveScoresObject.viewallMatches(liveScoresObject.java:94)
at objects.liveScoresObject.viewallMatches(liveScoresObject.java:94)
at objects.liveScoresObject.viewallMatches(liveScoresObject.java:94)
at objects.liveScoresObject.viewallMatches(liveScoresObject.java:94)
at objects.liveScoresObject.viewallMatches(liveScoresObject.java:94)
at objects.liveScoresObject.viewallMatches(liveScoresObject.java:94)
at objects.liveScoresObject.viewallMatches(liveScoresObject.java:94)
at objects.liveScoresObject.viewallMatches(liveScoresObject.java:94)
at objects.liveScoresObject.viewallMatches(liveScoresObject.java:94)
at objects.liveScoresObject.viewallMatches(liveScoresObject.java:94)
at objects.liveScoresObject.viewallMatches(liveScoresObject.java:94)
at objects.liveScoresObject.viewallMatches(liveScoresObject.java:94)
at objects.liveScoresObject.viewallMatches(liveScoresObject.java:94)
at objects.liveScoresObject.viewallMatches(liveScoresObject.java:94)
at objects.liveScoresObject.viewallMatches(liveScoresObject.java:94)
at objects.liveScoresObject.viewallMatches(liveScoresObject.java:94)
at objects.liveScoresObject.viewallMatches(liveScoresObject.java:94)
at objects.liveScoresObject.viewallMatches(liveScoresObject.java:94)
at objects.liveScoresObject.viewallMatches(liveScoresObject.java:94)
at objects.liveScoresObject.viewallMatches(liveScoresObject.java:94)
at objects.liveScoresObject.viewallMatches(liveScoresObject.java:94)
at objects.liveScoresObject.viewallMatches(liveScoresObject.java:94)
at objects.liveScoresObject.viewallMatches(liveScoresObject.java:94)
at objects.liveScoresObject.viewallMatches(liveScoresObject.java:94)
at objects.liveScoresObject.viewallMatches(liveScoresObject.java:94)
at objects.liveScoresObject.viewallMatches(liveScoresObject.java:94)
at objects.liveScoresObject.viewallMatches(liveScoresObject.java:94)
at objects.liveScoresObject.viewallMatches(liveScoresObject.java:94)
at objects.liveScoresObject.viewallMatches(liveScoresObject.java:94)
at objects.liveScoresObject.viewallMatches(liveScoresObject.java:94)
at objects.liveScoresObject.viewallMatches(liveScoresObject.java:94)
at objects.liveScoresObject.viewallMatches(liveScoresObject.java:94)
at objects.liveScoresObject.viewallMatches(liveScoresObject.java:94)
at objects.liveScoresObject.viewallMatches(liveScoresObject.java:94)
at objects.liveScoresObject.viewallMatches(liveScoresObject.java:94)
at objects.liveScoresObject.viewallMatches(liveScoresObject.java:94)
at objects.liveScoresObject.viewallMatches(liveScoresObject.java:94)
at objects.liveScoresObject.viewallMatches(liveScoresObject.java:94)
at objects.liveScoresObject.viewallMatches(liveScoresObject.java:94)
at objects.liveScoresObject.viewallMatches(liveScoresObject.java:94)
at objects.liveScoresObject.viewallMatches(liveScoresObject.java:94)
at objects.liveScoresObject.viewallMatches(liveScoresObject.java:94)
at objects.liveScoresObject.viewallMatches(liveScoresObject.java:94)
at objects.liveScoresObject.viewallMatches(liveScoresObject.java:94)
at objects.liveScoresObject.viewallMatches(liveScoresObject.java:94)
at objects.liveScoresObject.viewallMatches(liveScoresObject.java:94)
at objects.liveScoresObject.viewallMatches(liveScoresObject.java:94)
at objects.liveScoresObject.viewallMatches(liveScoresObject.java:94)
at objects.liveScoresObject.viewallMatches(liveScoresObject.java:94)
at objects.liveScoresObject.viewallMatches(liveScoresObject.java:94)
at objects.liveScoresObject.viewallMatches(liveScoresObject.java:94)
at objects.liveScoresObject.viewallMatches(liveScoresObject.java:94)
at objects.liveScoresObject.viewallMatches(liveScoresObject.java:94)
at objects.liveScoresObject.viewallMatches(liveScoresObject.java:94)
at objects.liveScoresObject.viewallMatches(liveScoresObject.java:94)
at objects.liveScoresObject.viewallMatches(liveScoresObject.java:94)
at objects.liveScoresObject.viewallMatches(liveScoresObject.java:94)
at objects.liveScoresObject.viewallMatches(liveScoresObject.java:94)
at objects.liveScoresObject.viewallMatches(liveScoresObject.java:94)
at objects.liveScoresObject.viewallMatches(liveScoresObject.java:94)
at objects.liveScoresObject.viewallMatches(liveScoresObject.java:94)
at objects.liveScoresObject.viewallMatches(liveScoresObject.java:94)
at objects.liveScoresObject.viewallMatches(liveScoresObject.java:94)
at objects.liveScoresObject.viewallMatches(liveScoresObject.java:94)
at objects.liveScoresObject.viewallMatches(liveScoresObject.java:94)
at objects.liveScoresObject.viewallMatches(liveScoresObject.java:94)
at objects.liveScoresObject.viewallMatches(liveScoresObject.java:94)
at objects.liveScoresObject.viewallMatches(liveScoresObject.java:94)
at objects.liveScoresObject.viewallMatches(liveScoresObject.java:94)
at objects.liveScoresObject.viewallMatches(liveScoresObject.java:94)
at objects.liveScoresObject.viewallMatches(liveScoresObject.java:94)
at objects.liveScoresObject.viewallMatches(liveScoresObject.java:94)
at objects.liveScoresObject.viewallMatches(liveScoresObject.java:94)
at objects.liveScoresObject.viewallMatches(liveScoresObject.java:94)
at objects.liveScoresObject.viewallMatches(liveScoresObject.java:94)
at objects.liveScoresObject.viewallMatches(liveScoresObject.java:94)
at objects.liveScoresObject.viewallMatches(liveScoresObject.java:94)
at objects.liveScoresObject.viewallMatches(liveScoresObject.java:94)
at objects.liveScoresObject.viewallMatches(liveScoresObject.java:94)
at objects.liveScoresObject.viewallMatches(liveScoresObject.java:94)
at objects.liveScoresObject.viewallMatches(liveScoresObject.java:94)
at objects.liveScoresObject.viewallMatches(liveScoresObject.java:94)
at objects.liveScoresObject.viewallMatches(liveScoresObject.java:94)
at objects.liveScoresObject.viewallMatches(liveScoresObject.java:94)
at objects.liveScoresObject.viewallMatches(liveScoresObject.java:94)
at objects.liveScoresObject.viewallMatches(liveScoresObject.java:94)
at objects.liveScoresObject.viewallMatches(liveScoresObject.java:94)
at objects.liveScoresObject.viewallMatches(liveScoresObject.java:94)
at objects.liveScoresObject.viewallMatches(liveScoresObject.java:94)
at objects.liveScoresObject.viewallMatches(liveScoresObject.java:94)
at objects.liveScoresObject.viewallMatches(liveScoresObject.java:94)
at objects.liveScoresObject.viewallMatches(liveScoresObject.java:94)
at objects.liveScoresObject.viewallMatches(liveScoresObject.java:94)
at objects.liveScoresObject.viewallMatches(liveScoresObject.java:94)
at objects.liveScoresObject.viewallMatches(liveScoresObject.java:94)
at objects.liveScoresObject.viewallMatches(liveScoresObject.java:94)
at objects.liveScoresObject.viewallMatches(liveScoresObject.java:94)
at objects.liveScoresObject.viewallMatches(liveScoresObject.java:94)
at objects.liveScoresObject.viewallMatches(liveScoresObject.java:94)
at objects.liveScoresObject.viewallMatches(liveScoresObject.java:94)
at objects.liveScoresObject.viewallMatches(liveScoresObject.java:94)
at objects.liveScoresObject.viewallMatches(liveScoresObject.java:94)
at objects.liveScoresObject.viewallMatches(liveScoresObject.java:94)
at objects.liveScoresObject.viewallMatches(liveScoresObject.java:94)
at objects.liveScoresObject.viewallMatches(liveScoresObject.java:94)
at objects.liveScoresObject.viewallMatches(liveScoresObject.java:94)
at objects.liveScoresObject.viewallMatches(liveScoresObject.java:94)
at objects.liveScoresObject.viewallMatches(liveScoresObject.java:94)
at objects.liveScoresObject.viewallMatches(liveScoresObject.java:94)
at objects.liveScoresObject.viewallMatches(liveScoresObject.java:94)
at objects.liveScoresObject.viewallMatches(liveScoresObject.java:94)
at objects.liveScoresObject.viewallMatches(liveScoresObject.java:94)
at objects.liveScoresObject.viewallMatches(liveScoresObject.java:94)
at objects.liveScoresObject.viewallMatches(liveScoresObject.java:94)
at objects.liveScoresObject.viewallMatches(liveScoresObject.java:94)
at objects.liveScoresObject.viewallMatches(liveScoresObject.java:94)
at objects.liveScoresObject.viewallMatches(liveScoresObject.java:94)
at objects.liveScoresObject.viewallMatches(liveScoresObject.java:94)
at objects.liveScoresObject.viewallMatches(liveScoresObject.java:94)
at objects.liveScoresObject.viewallMatches(liveScoresObject.java:94)
at objects.liveScoresObject.viewallMatches(liveScoresObject.java:94)
at objects.liveScoresObject.viewallMatches(liveScoresObject.java:94)
at objects.liveScoresObject.viewallMatches(liveScoresObject.java:94)
at objects.liveScoresObject.viewallMatches(liveScoresObject.java:94)
at objects.liveScoresObject.viewallMatches(liveScoresObject.java:94)
at objects.liveScoresObject.viewallMatches(liveScoresObject.java:94)
at objects.liveScoresObject.viewallMatches(liveScoresObject.java:94)
at objects.liveScoresObject.viewallMatches(liveScoresObject.java:94)
at objects.liveScoresObject.viewallMatches(liveScoresObject.java:94)
at objects.liveScoresObject.viewallMatches(liveScoresObject.java:94)
at objects.liveScoresObject.viewallMatches(liveScoresObject.java:94)
at objects.liveScoresObject.viewallMatches(liveScoresObject.java:94)
at objects.liveScoresObject.viewallMatches(liveScoresObject.java:94)
at objects.liveScoresObject.viewallMatches(liveScoresObject.java:94)
at objects.liveScoresObject.viewallMatches(liveScoresObject.java:94)
at objects.liveScoresObject.viewallMatches(liveScoresObject.java:94)
at objects.liveScoresObject.viewallMatches(liveScoresObject.java:94)
at objects.liveScoresObject.viewallMatches(liveScoresObject.java:94)
at objects.liveScoresObject.viewallMatches(liveScoresObject.java:94)
at objects.liveScoresObject.viewallMatches(liveScoresObject.java:94)
at objects.liveScoresObject.viewallMatches(liveScoresObject.java:94)
at objects.liveScoresObject.viewallMatches(liveScoresObject.java:94)
at objects.liveScoresObject.viewallMatches(liveScoresObject.java:94)
at objects.liveScoresObject.viewallMatches(liveScoresObject.java:94)
at objects.liveScoresObject.viewallMatches(liveScoresObject.java:94)
at objects.liveScoresObject.viewallMatches(liveScoresObject.java:94)
at objects.liveScoresObject.viewallMatches(liveScoresObject.java:94)
at objects.liveScoresObject.viewallMatches(liveScoresObject.java:94)
at objects.liveScoresObject.viewallMatches(liveScoresObject.java:94)
at objects.liveScoresObject.viewallMatches(liveScoresObject.java:94)
at objects.liveScoresObject.viewallMatches(liveScoresObject.java:94)
at objects.liveScoresObject.viewallMatches(liveScoresObject.java:94)
at objects.liveScoresObject.viewallMatches(liveScoresObject.java:94)
at objects.liveScoresObject.viewallMatches(liveScoresObject.java:94)
at objects.liveScoresObject.viewallMatches(liveScoresObject.java:94)
at objects.liveScoresObject.viewallMatches(liveScoresObject.java:94)
at objects.liveScoresObject.viewallMatches(liveScoresObject.java:94)
at objects.liveScoresObject.viewallMatches(liveScoresObject.java:94)
at objects.liveScoresObject.viewallMatches(liveScoresObject.java:94)
at objects.liveScoresObject.viewallMatches(liveScoresObject.java:94)
at objects.liveScoresObject.viewallMatches(liveScoresObject.java:94)
at objects.liveScoresObject.viewallMatches(liveScoresObject.java:94)
at objects.liveScoresObject.viewallMatches(liveScoresObject.java:94)
at objects.liveScoresObject.viewallMatches(liveScoresObject.java:94)
at objects.liveScoresObject.viewallMatches(liveScoresObject.java:94)
at objects.liveScoresObject.viewallMatches(liveScoresObject.java:94)
at objects.liveScoresObject.viewallMatches(liveScoresObject.java:94)
at objects.liveScoresObject.viewallMatches(liveScoresObject.java:94)
at objects.liveScoresObject.viewallMatches(liveScoresObject.java:94)
at objects.liveScoresObject.viewallMatches(liveScoresObject.java:94)
at objects.liveScoresObject.viewallMatches(liveScoresObject.java:94)
at objects.liveScoresObject.viewallMatches(liveScoresObject.java:94)
at objects.liveScoresObject.viewallMatches(liveScoresObject.java:94)
at objects.liveScoresObject.viewallMatches(liveScoresObject.java:94)
at objects.liveScoresObject.viewallMatches(liveScoresObject.java:94)
at objects.liveScoresObject.viewallMatches(liveScoresObject.java:94)
at objects.liveScoresObject.viewallMatches(liveScoresObject.java:94)
at objects.liveScoresObject.viewallMatches(liveScoresObject.java:94)
at objects.liveScoresObject.viewallMatches(liveScoresObject.java:94)
at objects.liveScoresObject.viewallMatches(liveScoresObject.java:94)
at objects.liveScoresObject.viewallMatches(liveScoresObject.java:94)
at objects.liveScoresObject.viewallMatches(liveScoresObject.java:94)
at objects.liveScoresObject.viewallMatches(liveScoresObject.java:94)
at objects.liveScoresObject.viewallMatches(liveScoresObject.java:94)
at objects.liveScoresObject.viewallMatches(liveScoresObject.java:94)
at objects.liveScoresObject.viewallMatches(liveScoresObject.java:94)
at objects.liveScoresObject.viewallMatches(liveScoresObject.java:94)
at objects.liveScoresObject.viewallMatches(liveScoresObject.java:94)
at objects.liveScoresObject.viewallMatches(liveScoresObject.java:94)
at objects.liveScoresObject.viewallMatches(liveScoresObject.java:94)
at objects.liveScoresObject.viewallMatches(liveScoresObject.java:94)
at objects.liveScoresObject.viewallMatches(liveScoresObject.java:94)
at objects.liveScoresObject.viewallMatches(liveScoresObject.java:94)
at objects.liveScoresObject.viewallMatches(liveScoresObject.java:94)
at objects.liveScoresObject.viewallMatches(liveScoresObject.java:94)
at objects.liveScoresObject.viewallMatches(liveScoresObject.java:94)
at objects.liveScoresObject.viewallMatches(liveScoresObject.java:94)
at objects.liveScoresObject.viewallMatches(liveScoresObject.java:94)
at objects.liveScoresObject.viewallMatches(liveScoresObject.java:94)
at objects.liveScoresObject.viewallMatches(liveScoresObject.java:94)
at objects.liveScoresObject.viewallMatches(liveScoresObject.java:94)
at objects.liveScoresObject.viewallMatches(liveScoresObject.java:94)
at objects.liveScoresObject.viewallMatches(liveScoresObject.java:94)
at objects.liveScoresObject.viewallMatches(liveScoresObject.java:94)
at objects.liveScoresObject.viewallMatches(liveScoresObject.java:94)
at objects.liveScoresObject.viewallMatches(liveScoresObject.java:94)
at objects.liveScoresObject.viewallMatches(liveScoresObject.java:94)
at objects.liveScoresObject.viewallMatches(liveScoresObject.java:94)
at objects.liveScoresObject.viewallMatches(liveScoresObject.java:94)
at objects.liveScoresObject.viewallMatches(liveScoresObject.java:94)
at objects.liveScoresObject.viewallMatches(liveScoresObject.java:94)
at objects.liveScoresObject.viewallMatches(liveScoresObject.java:94)
at objects.liveScoresObject.viewallMatches(liveScoresObject.java:94)
at objects.liveScoresObject.viewallMatches(liveScoresObject.java:94)
at objects.liveScoresObject.viewallMatches(liveScoresObject.java:94)
at objects.liveScoresObject.viewallMatches(liveScoresObject.java:94)
at objects.liveScoresObject.viewallMatches(liveScoresObject.java:94)
at objects.liveScoresObject.viewallMatches(liveScoresObject.java:94)
at objects.liveScoresObject.viewallMatches(liveScoresObject.java:94)
at objects.liveScoresObject.viewallMatches(liveScoresObject.java:94)
at objects.liveScoresObject.viewallMatches(liveScoresObject.java:94)
at objects.liveScoresObject.viewallMatches(liveScoresObject.java:94)
at objects.liveScoresObject.viewallMatches(liveScoresObject.java:94)
at objects.liveScoresObject.viewallMatches(liveScoresObject.java:94)
at objects.liveScoresObject.viewallMatches(liveScoresObject.java:94)
at objects.liveScoresObject.viewallMatches(liveScoresObject.java:94)
at objects.liveScoresObject.viewallMatches(liveScoresObject.java:94)
at objects.liveScoresObject.viewallMatches(liveScoresObject.java:94)
at objects.liveScoresObject.viewallMatches(liveScoresObject.java:94)
at objects.liveScoresObject.viewallMatches(liveScoresObject.java:94)
at objects.liveScoresObject.viewallMatches(liveScoresObject.java:94)
at objects.liveScoresObject.viewallMatches(liveScoresObject.java:94)
at objects.liveScoresObject.viewallMatches(liveScoresObject.java:94)
at objects.liveScoresObject.viewallMatches(liveScoresObject.java:94)
at objects.liveScoresObject.viewallMatches(liveScoresObject.java:94)
at objects.liveScoresObject.viewallMatches(liveScoresObject.java:94)
at objects.liveScoresObject.viewallMatches(liveScoresObject.java:94)
at objects.liveScoresObject.viewallMatches(liveScoresObject.java:94)
at objects.liveScoresObject.viewallMatches(liveScoresObject.java:94)
at objects.liveScoresObject.viewallMatches(liveScoresObject.java:94)
at objects.liveScoresObject.viewallMatches(liveScoresObject.java:94)
at objects.liveScoresObject.viewallMatches(liveScoresObject.java:94)
at objects.liveScoresObject.viewallMatches(liveScoresObject.java:94)
at objects.liveScoresObject.viewallMatches(liveScoresObject.java:94)
at objects.liveScoresObject.viewallMatches(liveScoresObject.java:94)
at objects.liveScoresObject.viewallMatches(liveScoresObject.java:94)
at objects.liveScoresObject.viewallMatches(liveScoresObject.java:94)
at objects.liveScoresObject.viewallMatches(liveScoresObject.java:94)
at objects.liveScoresObject.viewallMatches(liveScoresObject.java:94)
at objects.liveScoresObject.viewallMatches(liveScoresObject.java:94)
at objects.liveScoresObject.viewallMatches(liveScoresObject.java:94)
at objects.liveScoresObject.viewallMatches(liveScoresObject.java:94)
at objects.liveScoresObject.viewallMatches(liveScoresObject.java:94)
at objects.liveScoresObject.viewallMatches(liveScoresObject.java:94)
at objects.liveScoresObject.viewallMatches(liveScoresObject.java:94)
at objects.liveScoresObject.viewallMatches(liveScoresObject.java:94)
at objects.liveScoresObject.viewallMatches(liveScoresObject.java:94)
at objects.liveScoresObject.viewallMatches(liveScoresObject.java:94)
at objects.liveScoresObject.viewallMatches(liveScoresObject.java:94)
at objects.liveScoresObject.viewallMatches(liveScoresObject.java:94)
at objects.liveScoresObject.viewallMatches(liveScoresObject.java:94)
at objects.liveScoresObject.viewallMatches(liveScoresObject.java:94)
at objects.liveScoresObject.viewallMatches(liveScoresObject.java:94)
at objects.liveScoresObject.viewallMatches(liveScoresObject.java:94)
at objects.liveScoresObject.viewallMatches(liveScoresObject.java:94)
at objects.liveScoresObject.viewallMatches(liveScoresObject.java:94)
at objects.liveScoresObject.viewallMatches(liveScoresObject.java:94)
at objects.liveScoresObject.viewallMatches(liveScoresObject.java:94)
at objects.liveScoresObject.viewallMatches(liveScoresObject.java:94)
at objects.liveScoresObject.viewallMatches(liveScoresObject.java:94)
at objects.liveScoresObject.viewallMatches(liveScoresObject.java:94)
at objects.liveScoresObject.viewallMatches(liveScoresObject.java:94)
at objects.liveScoresObject.viewallMatches(liveScoresObject.java:94)
at objects.liveScoresObject.viewallMatches(liveScoresObject.java:94)
at objects.liveScoresObject.viewallMatches(liveScoresObject.java:94)
at objects.liveScoresObject.viewallMatches(liveScoresObject.java:94)
at objects.liveScoresObject.viewallMatches(liveScoresObject.java:94)
at objects.liveScoresObject.viewallMatches(liveScoresObject.java:94)
at objects.liveScoresObject.viewallMatches(liveScoresObject.java:94)
at objects.liveScoresObject.viewallMatches(liveScoresObject.java:94)
at objects.liveScoresObject.viewallMatches(liveScoresObject.java:94)
at objects.liveScoresObject.viewallMatches(liveScoresObject.java:94)
at objects.liveScoresObject.viewallMatches(liveScoresObject.java:94)
at objects.liveScoresObject.viewallMatches(liveScoresObject.java:94)
at objects.liveScoresObject.viewallMatches(liveScoresObject.java:94)
at objects.liveScoresObject.viewallMatches(liveScoresObject.java:94)
at objects.liveScoresObject.viewallMatches(liveScoresObject.java:94)
at objects.liveScoresObject.viewallMatches(liveScoresObject.java:94)
at objects.liveScoresObject.viewallMatches(liveScoresObject.java:94)
at objects.liveScoresObject.viewallMatches(liveScoresObject.java:94)
at objects.liveScoresObject.viewallMatches(liveScoresObject.java:94)
at objects.liveScoresObject.viewallMatches(liveScoresObject.java:94)
at objects.liveScoresObject.viewallMatches(liveScoresObject.java:94)
at objects.liveScoresObject.viewallMatches(liveScoresObject.java:94)
at objects.liveScoresObject.viewallMatches(liveScoresObject.java:94)
at objects.liveScoresObject.viewallMatches(liveScoresObject.java:94)
at objects.liveScoresObject.viewallMatches(liveScoresObject.java:94)
at objects.liveScoresObject.viewallMatches(liveScoresObject.java:94)
at objects.liveScoresObject.viewallMatches(liveScoresObject.java:94)
at objects.liveScoresObject.viewallMatches(liveScoresObject.java:94)
at objects.liveScoresObject.viewallMatches(liveScoresObject.java:94)
at objects.liveScoresObject.viewallMatches(liveScoresObject.java:94)
at objects.liveScoresObject.viewallMatches(liveScoresObject.java:94)
at objects.liveScoresObject.viewallMatches(liveScoresObject.java:94)
at objects.liveScoresObject.viewallMatches(liveScoresObject.java:94)
at objects.liveScoresObject.viewallMatches(liveScoresObject.java:94)
at objects.liveScoresObject.viewallMatches(liveScoresObject.java:94)
at objects.liveScoresObject.viewallMatches(liveScoresObject.java:94)
at objects.liveScoresObject.viewallMatches(liveScoresObject.java:94)
at objects.liveScoresObject.viewallMatches(liveScoresObject.java:94)
at objects.liveScoresObject.viewallMatches(liveScoresObject.java:94)
at objects.liveScoresObject.viewallMatches(liveScoresObject.java:94)
at objects.liveScoresObject.viewallMatches(liveScoresObject.java:94)
at objects.liveScoresObject.viewallMatches(liveScoresObject.java:94)
at objects.liveScoresObject.viewallMatches(liveScoresObject.java:94)
at objects.liveScoresObject.viewallMatches(liveScoresObject.java:94)
at objects.liveScoresObject.viewallMatches(liveScoresObject.java:94)
at objects.liveScoresObject.viewallMatches(liveScoresObject.java:94)
at objects.liveScoresObject.viewallMatches(liveScoresObject.java:94)
at objects.liveScoresObject.viewallMatches(liveScoresObject.java:94)
at objects.liveScoresObject.viewallMatches(liveScoresObject.java:94)
at objects.liveScoresObject.viewallMatches(liveScoresObject.java:94)
at objects.liveScoresObject.viewallMatches(liveScoresObject.java:94)
at objects.liveScoresObject.viewallMatches(liveScoresObject.java:94)
at objects.liveScoresObject.viewallMatches(liveScoresObject.java:94)
at objects.liveScoresObject.viewallMatches(liveScoresObject.java:94)
at objects.liveScoresObject.viewallMatches(liveScoresObject.java:94)
at objects.liveScoresObject.viewallMatches(liveScoresObject.java:94)
at objects.liveScoresObject.viewallMatches(liveScoresObject.java:94)
at objects.liveScoresObject.viewallMatches(liveScoresObject.java:94)
at objects.liveScoresObject.viewallMatches(liveScoresObject.java:94)
at objects.liveScoresObject.viewallMatches(liveScoresObject.java:94)
at objects.liveScoresObject.viewallMatches(liveScoresObject.java:94)
at objects.liveScoresObject.viewallMatches(liveScoresObject.java:94)
at objects.liveScoresObject.viewallMatches(liveScoresObject.java:94)
at objects.liveScoresObject.viewallMatches(liveScoresObject.java:94)
at objects.liveScoresObject.viewallMatches(liveScoresObject.java:94)
at objects.liveScoresObject.viewallMatches(liveScoresObject.java:94)
at objects.liveScoresObject.viewallMatches(liveScoresObject.java:94)
at objects.liveScoresObject.viewallMatches(liveScoresObject.java:94)
at objects.liveScoresObject.viewallMatches(liveScoresObject.java:94)
at objects.liveScoresObject.viewallMatches(liveScoresObject.java:94)
at objects.liveScoresObject.viewallMatches(liveScoresObject.java:94)
at objects.liveScoresObject.viewallMatches(liveScoresObject.java:94)
at objects.liveScoresObject.viewallMatches(liveScoresObject.java:94)
at objects.liveScoresObject.viewallMatches(liveScoresObject.java:94)
at objects.liveScoresObject.viewallMatches(liveScoresObject.java:94)
at objects.liveScoresObject.viewallMatches(liveScoresObject.java:94)
at objects.liveScoresObject.viewallMatches(liveScoresObject.java:94)
at objects.liveScoresObject.viewallMatches(liveScoresObject.java:94)
at objects.liveScoresObject.viewallMatches(liveScoresObject.java:94)
at objects.liveScoresObject.viewallMatches(liveScoresObject.java:94)
at objects.liveScoresObject.viewallMatches(liveScoresObject.java:94)
at objects.liveScoresObject.viewallMatches(liveScoresObject.java:94)
at objects.liveScoresObject.viewallMatches(liveScoresObject.java:94)
at objects.liveScoresObject.viewallMatches(liveScoresObject.java:94)
at objects.liveScoresObject.viewallMatches(liveScoresObject.java:94)
at objects.liveScoresObject.viewallMatches(liveScoresObject.java:94)
at objects.liveScoresObject.viewallMatches(liveScoresObject.java:94)
at objects.liveScoresObject.viewallMatches(liveScoresObject.java:94)
at objects.liveScoresObject.viewallMatches(liveScoresObject.java:94)
at objects.liveScoresObject.viewallMatches(liveScoresObject.java:94)
at objects.liveScoresObject.viewallMatches(liveScoresObject.java:94)
at objects.liveScoresObject.viewallMatches(liveScoresObject.java:94)
at objects.liveScoresObject.viewallMatches(liveScoresObject.java:94)
at objects.liveScoresObject.viewallMatches(liveScoresObject.java:94)
at objects.liveScoresObject.viewallMatches(liveScoresObject.java:94)
at objects.liveScoresObject.viewallMatches(liveScoresObject.java:94)
at objects.liveScoresObject.viewallMatches(liveScoresObject.java:94)
at objects.liveScoresObject.viewallMatches(liveScoresObject.java:94)
at objects.liveScoresObject.viewallMatches(liveScoresObject.java:94)
at objects.liveScoresObject.viewallMatches(liveScoresObject.java:94)
at objects.liveScoresObject.viewallMatches(liveScoresObject.java:94)
at objects.liveScoresObject.viewallMatches(liveScoresObject.java:94)
at objects.liveScoresObject.viewallMatches(liveScoresObject.java:94)
at objects.liveScoresObject.viewallMatches(liveScoresObject.java:94)
at objects.liveScoresObject.viewallMatches(liveScoresObject.java:94)
at objects.liveScoresObject.viewallMatches(liveScoresObject.java:94)
at objects.liveScoresObject.viewallMatches(liveScoresObject.java:94)
at objects.liveScoresObject.viewallMatches(liveScoresObject.java:94)
at objects.liveScoresObject.viewallMatches(liveScoresObject.java:94)
at objects.liveScoresObject.viewallMatches(liveScoresObject.java:94)
at objects.liveScoresObject.viewallMatches(liveScoresObject.java:94)
at objects.liveScoresObject.viewallMatches(liveScoresObject.java:94)
at objects.liveScoresObject.viewallMatches(liveScoresObject.java:94)
at objects.liveScoresObject.viewallMatches(liveScoresObject.java:94)
at objects.liveScoresObject.viewallMatches(liveScoresObject.java:94)
at objects.liveScoresObject.viewallMatches(liveScoresObject.java:94)
at objects.liveScoresObject.viewallMatches(liveScoresObject.java:94)
at objects.liveScoresObject.viewallMatches(liveScoresObject.java:94)
at objects.liveScoresObject.viewallMatches(liveScoresObject.java:94)
at objects.liveScoresObject.viewallMatches(liveScoresObject.java:94)
at objects.liveScoresObject.viewallMatches(liveScoresObject.java:94)
at objects.liveScoresObject.viewallMatches(liveScoresObject.java:94)
at objects.liveScoresObject.viewallMatches(liveScoresObject.java:94)
at objects.liveScoresObject.viewallMatches(liveScoresObject.java:94)
at objects.liveScoresObject.viewallMatches(liveScoresObject.java:94)
at objects.liveScoresObject.viewallMatches(liveScoresObject.java:94)
at objects.liveScoresObject.viewallMatches(liveScoresObject.java:94)
at objects.liveScoresObject.viewallMatches(liveScoresObject.java:94)
at objects.liveScoresObject.viewallMatches(liveScoresObject.java:94)
at objects.liveScoresObject.viewallMatches(liveScoresObject.java:94)
at objects.liveScoresObject.viewallMatches(liveScoresObject.java:94)
at objects.liveScoresObject.viewallMatches(liveScoresObject.java:94)
at objects.liveScoresObject.viewallMatches(liveScoresObject.java:94)
at objects.liveScoresObject.viewallMatches(liveScoresObject.java:94)
at objects.liveScoresObject.viewallMatches(liveScoresObject.java:94)
at objects.liveScoresObject.viewallMatches(liveScoresObject.java:94)
at objects.liveScoresObject.viewallMatches(liveScoresObject.java:94)
at objects.liveScoresObject.viewallMatches(liveScoresObject.java:94)
at objects.liveScoresObject.viewallMatches(liveScoresObject.java:94)
at objects.liveScoresObject.viewallMatches(liveScoresObject.java:94)
at objects.liveScoresObject.viewallMatches(liveScoresObject.java:94)
at objects.liveScoresObject.viewallMatches(liveScoresObject.java:94)
at objects.liveScoresObject.viewallMatches(liveScoresObject.java:94)
at objects.liveScoresObject.viewallMatches(liveScoresObject.java:94)
at objects.liveScoresObject.viewallMatches(liveScoresObject.java:94)
at objects.liveScoresObject.viewallMatches(liveScoresObject.java:94)
at objects.liveScoresObject.viewallMatches(liveScoresObject.java:94)
at objects.liveScoresObject.viewallMatches(liveScoresObject.java:94)
at objects.liveScoresObject.viewallMatches(liveScoresObject.java:94)
at objects.liveScoresObject.viewallMatches(liveScoresObject.java:94)
at objects.liveScoresObject.viewallMatches(liveScoresObject.java:94)
at objects.liveScoresObject.viewallMatches(liveScoresObject.java:94)
at objects.liveScoresObject.viewallMatches(liveScoresObject.java:94)
at objects.liveScoresObject.viewallMatches(liveScoresObject.java:94)
at objects.liveScoresObject.viewallMatches(liveScoresObject.java:94)
at objects.liveScoresObject.viewallMatches(liveScoresObject.java:94)
at objects.liveScoresObject.viewallMatches(liveScoresObject.java:94)
at objects.liveScoresObject.viewallMatches(liveScoresObject.java:94)
at objects.liveScoresObject.viewallMatches(liveScoresObject.java:94)
at objects.liveScoresObject.viewallMatches(liveScoresObject.java:94)
at objects.liveScoresObject.viewallMatches(liveScoresObject.java:94)
at objects.liveScoresObject.viewallMatches(liveScoresObject.java:94)
at objects.liveScoresObject.viewallMatches(liveScoresObject.java:94)
at objects.liveScoresObject.viewallMatches(liveScoresObject.java:94)
at objects.liveScoresObject.viewallMatches(liveScoresObject.java:94)
at objects.liveScoresObject.viewallMatches(liveScoresObject.java:94)
at objects.liveScoresObject.viewallMatches(liveScoresObject.java:94)
at objects.liveScoresObject.viewallMatches(liveScoresObject.java:94)
at objects.liveScoresObject.viewallMatches(liveScoresObject.java:94)
at objects.liveScoresObject.viewallMatches(liveScoresObject.java:94)
at objects.liveScoresObject.viewallMatches(liveScoresObject.java:94)
at objects.liveScoresObject.viewallMatches(liveScoresObject.java:94)
at objects.liveScoresObject.viewallMatches(liveScoresObject.java:94)
at objects.liveScoresObject.viewallMatches(liveScoresObject.java:94)
at objects.liveScoresObject.viewallMatches(liveScoresObject.java:94)
at objects.liveScoresObject.viewallMatches(liveScoresObject.java:94)
at objects.liveScoresObject.viewallMatches(liveScoresObject.java:94)
at objects.liveScoresObject.viewallMatches(liveScoresObject.java:94)
at objects.liveScoresObject.viewallMatches(liveScoresObject.java:94)
at objects.liveScoresObject.viewallMatches(liveScoresObject.java:94)
at objects.liveScoresObject.viewallMatches(liveScoresObject.java:94)
at objects.liveScoresObject.viewallMatches(liveScoresObject.java:94)
at objects.liveScoresObject.viewallMatches(liveScoresObject.java:94)
at objects.liveScoresObject.viewallMatches(liveScoresObject.java:94)
at objects.liveScoresObject.viewallMatches(liveScoresObject.java:94)
at objects.liveScoresObject.viewallMatches(liveScoresObject.java:94)
at objects.liveScoresObject.viewallMatches(liveScoresObject.java:94)
at objects.liveScoresObject.viewallMatches(liveScoresObject.java:94)
at objects.liveScoresObject.viewallMatches(liveScoresObject.java:94)
at objects.liveScoresObject.viewallMatches(liveScoresObject.java:94)
at objects.liveScoresObject.viewallMatches(liveScoresObject.java:94)
at objects.liveScoresObject.viewallMatches(liveScoresObject.java:94)
at objects.liveScoresObject.viewallMatches(liveScoresObject.java:94)
at objects.liveScoresObject.viewallMatches(liveScoresObject.java:94)
at objects.liveScoresObject.viewallMatches(liveScoresObject.java:94)
at objects.liveScoresObject.viewallMatches(liveScoresObject.java:94)
at objects.liveScoresObject.viewallMatches(liveScoresObject.java:94)
at objects.liveScoresObject.viewallMatches(liveScoresObject.java:94)
at objects.liveScoresObject.viewallMatches(liveScoresObject.java:94)
at objects.liveScoresObject.viewallMatches(liveScoresObject.java:94)
at objects.liveScoresObject.viewallMatches(liveScoresObject.java:94)
at objects.liveScoresObject.viewallMatches(liveScoresObject.java:94)
at objects.liveScoresObject.viewallMatches(liveScoresObject.java:94)
at objects.liveScoresObject.viewallMatches(liveScoresObject.java:94)
at objects.liveScoresObject.viewallMatches(liveScoresObject.java:94)
at objects.liveScoresObject.viewallMatches(liveScoresObject.java:94)
at objects.liveScoresObject.viewallMatches(liveScoresObject.java:94)
at objects.liveScoresObject.viewallMatches(liveScoresObject.java:94)
at objects.liveScoresObject.viewallMatches(liveScoresObject.java:94)
at objects.liveScoresObject.viewallMatches(liveScoresObject.java:94)
at objects.liveScoresObject.viewallMatches(liveScoresObject.java:94)
at objects.liveScoresObject.viewallMatches(liveScoresObject.java:94)
at objects.liveScoresObject.viewallMatches(liveScoresObject.java:94)
at objects.liveScoresObject.viewallMatches(liveScoresObject.java:94)
at objects.liveScoresObject.viewallMatches(liveScoresObject.java:94)
at objects.liveScoresObject.viewallMatches(liveScoresObject.java:94)
at objects.liveScoresObject.viewallMatches(liveScoresObject.java:94)
at objects.liveScoresObject.viewallMatches(liveScoresObject.java:94)
at objects.liveScoresObject.viewallMatches(liveScoresObject.java:94)
at objects.liveScoresObject.viewallMatches(liveScoresObject.java:94)
at objects.liveScoresObject.viewallMatches(liveScoresObject.java:94)
at objects.liveScoresObject.viewallMatches(liveScoresObject.java:94)
at objects.liveScoresObject.viewallMatches(liveScoresObject.java:94)
at objects.liveScoresObject.viewallMatches(liveScoresObject.java:94)
at objects.liveScoresObject.viewallMatches(liveScoresObject.java:94)
at objects.liveScoresObject.viewallMatches(liveScoresObject.java:94)
at objects.liveScoresObject.viewallMatches(liveScoresObject.java:94)
at objects.liveScoresObject.viewallMatches(liveScoresObject.java:94)
at objects.liveScoresObject.viewallMatches(liveScoresObject.java:94)
at objects.liveScoresObject.viewallMatches(liveScoresObject.java:94)
at objects.liveScoresObject.viewallMatches(liveScoresObject.java:94)
at objects.liveScoresObject.viewallMatches(liveScoresObject.java:94)
at objects.liveScoresObject.viewallMatches(liveScoresObject.java:94)
at objects.liveScoresObject.viewallMatches(liveScoresObject.java:94)
at objects.liveScoresObject.viewallMatches(liveScoresObject.java:94)
at objects.liveScoresObject.viewallMatches(liveScoresObject.java:94)
at objects.liveScoresObject.viewallMatches(liveScoresObject.java:94)
at objects.liveScoresObject.viewallMatches(liveScoresObject.java:94)
at objects.liveScoresObject.viewallMatches(liveScoresObject.java:94)
at objects.liveScoresObject.viewallMatches(liveScoresObject.java:94)
at objects.liveScoresObject.viewallMatches(liveScoresObject.java:94)
at objects.liveScoresObject.viewallMatches(liveScoresObject.java:94)
at objects.liveScoresObject.viewallMatches(liveScoresObject.java:94)
at objects.liveScoresObject.viewallMatches(liveScoresObject.java:94)
at objects.liveScoresObject.viewallMatches(liveScoresObject.java:94)
at objects.liveScoresObject.viewallMatches(liveScoresObject.java:94)
at objects.liveScoresObject.viewallMatches(liveScoresObject.java:94)
at objects.liveScoresObject.viewallMatches(liveScoresObject.java:94)
at objects.liveScoresObject.viewallMatches(liveScoresObject.java:94)
at objects.liveScoresObject.viewallMatches(liveScoresObject.java:94)
at objects.liveScoresObject.viewallMatches(liveScoresObject.java:94)
at objects.liveScoresObject.viewallMatches(liveScoresObject.java:94)
at objects.liveScoresObject.viewallMatches(liveScoresObject.java:94)
at objects.liveScoresObject.viewallMatches(liveScoresObject.java:94)
at objects.liveScoresObject.viewallMatches(liveScoresObject.java:94)
at objects.liveScoresObject.viewallMatches(liveScoresObject.java:94)
at objects.liveScoresObject.viewallMatches(liveScoresObject.java:94)
at objects.liveScoresObject.viewallMatches(liveScoresObject.java:94)
at objects.liveScoresObject.viewallMatches(liveScoresObject.java:94)
at objects.liveScoresObject.viewallMatches(liveScoresObject.java:94)
at objects.liveScoresObject.viewallMatches(liveScoresObject.java:94)
at objects.liveScoresObject.viewallMatches(liveScoresObject.java:94)
at objects.liveScoresObject.viewallMatches(liveScoresObject.java:94)
at objects.liveScoresObject.viewallMatches(liveScoresObject.java:94)
at objects.liveScoresObject.viewallMatches(liveScoresObject.java:94)
at objects.liveScoresObject.viewallMatches(liveScoresObject.java:94)
at objects.liveScoresObject.viewallMatches(liveScoresObject.java:94)
at objects.liveScoresObject.viewallMatches(liveScoresObject.java:94)
at objects.liveScoresObject.viewallMatches(liveScoresObject.java:94)
at objects.liveScoresObject.viewallMatches(liveScoresObject.java:94)
at objects.liveScoresObject.viewallMatches(liveScoresObject.java:94)
at objects.liveScoresObject.viewallMatches(liveScoresObject.java:94)
at objects.liveScoresObject.viewallMatches(liveScoresObject.java:94)
at objects.liveScoresObject.viewallMatches(liveScoresObject.java:94)
]]>
    </error>
  </testcase> <!-- allmatches -->
  <system-out/>
  <testcase classname="Pages.LiveScores" name="TopEvents">
    <skipped/>
  </testcase> <!-- TopEvents -->
  <system-out/>
</testsuite> <!-- Pages.LiveScores -->
