<?xml version="1.0" encoding="UTF-8"?>
<!-- Generated by org.testng.reporters.JUnitReportReporter -->
<testsuite hostname="WX-5CG1285KPX" failures="0" tests="5" name="Pages.LiveScoresResult" time="53.304" errors="0" timestamp="2022-07-23T23:50:07 IST" skipped="1">
  <testcase classname="Pages.LiveScoresResult" name="pageTitle" time="33.099"/>
  <system-out/>
  <testcase classname="Pages.LiveScoresResult" name="seriesFilter" time="5.281"/>
  <system-out/>
  <testcase classname="Pages.LiveScoresResult" name="clearall" time="3.780"/>
  <system-out/>
  <testcase classname="Pages.LiveScoresResult" name="previous30days" time="11.144"/>
  <system-out/>
  <testcase classname="Pages.LiveScoresResult" name="dates">
    <skipped/>
  </testcase> <!-- dates -->
  <system-out/>
</testsuite> <!-- Pages.LiveScoresResult -->
