<?xml version="1.0" encoding="UTF-8"?>
<!-- Generated by org.testng.reporters.JUnitReportReporter -->
<testsuite hostname="WX-5CG1285KPX" failures="0" tests="13" name="Pages.LiveScores_Live" time="308.409" errors="0" timestamp="2022-07-27T17:51:59 IST" skipped="0">
  <testcase classname="Pages.LiveScores_Live" name="alert" time="34.134"/>
  <system-out/>
  <testcase classname="Pages.LiveScores_Live" name="brokenURl" time="14.388"/>
  <system-out/>
  <testcase classname="Pages.LiveScores_Live" name="pageTitle" time="0.293"/>
  <system-out/>
  <testcase classname="Pages.LiveScores_Live" name="quickFilter" time="4.294"/>
  <system-out/>
  <testcase classname="Pages.LiveScores_Live" name="Reset" time="0.657"/>
  <system-out/>
  <testcase classname="Pages.LiveScores_Live" name="TopEvents" time="188.776"/>
  <system-out/>
  <testcase classname="Pages.LiveScores_Live" name="stickyTeamFilter" time="0.867"/>
  <system-out/>
  <testcase classname="Pages.LiveScores_Live" name="selectTeamOption" time="0.208"/>
  <system-out/>
  <testcase classname="Pages.LiveScores_Live" name="Apply" time="2.545"/>
  <system-out/>
  <testcase classname="Pages.LiveScores_Live" name="ClickTeamSelectedEvent" time="9.882"/>
  <system-out/>
  <testcase classname="Pages.LiveScores_Live" name="clearall" time="2.702"/>
  <system-out/>
  <testcase classname="Pages.LiveScores_Live" name="allmatches" time="30.197"/>
  <system-out/>
  <testcase classname="Pages.LiveScores_Live" name="LiveBackendTest" time="19.466"/>
  <system-out/>
</testsuite> <!-- Pages.LiveScores_Live -->
